#
# There is insufficient memory for the Java Runtime Environment to continue.
# Native memory allocation (mmap) failed to map 62914560 bytes. Error detail: G1 virtual space
# Possible reasons:
#   The system is out of physical RAM or swap space
#   This process is running with CompressedOops enabled, and the Java Heap may be blocking the growth of the native heap
# Possible solutions:
#   Reduce memory load on the system
#   Increase physical memory or swap space
#   Check if swap backing store is full
#   Decrease Java heap size (-Xmx/-Xms)
#   Decrease number of Java threads
#   Decrease Java thread stack sizes (-Xss)
#   Set larger code cache with -XX:ReservedCodeCacheSize=
#   JVM is running with Zero Based Compressed Oops mode in which the Java heap is
#     placed in the first 32GB address space. The Java Heap base address is the
#     maximum limit for the native heap growth. Please use -XX:HeapBaseMinAddress
#     to set the Java Heap base and to place the Java Heap above 32GB virtual address.
# This output file may be truncated or incomplete.
#
#  Out of Memory Error (os_windows.cpp:3707), pid=29604, tid=30736
#
# JRE version: Java(TM) SE Runtime Environment (23.0.2+7) (build 23.0.2+7-58)
# Java VM: Java HotSpot(TM) 64-Bit Server VM (23.0.2+7-58, mixed mode, sharing, tiered, compressed oops, compressed class ptrs, g1 gc, windows-amd64)
# No core dump will be written. Minidumps are not enabled by default on client versions of Windows
#

---------------  S U M M A R Y ------------

Command Line: -javaagent:C:\Program Files\JetBrains\IntelliJ IDEA Community Edition 2023.2.3\lib\idea_rt.jar=50726:C:\Program Files\JetBrains\IntelliJ IDEA Community Edition 2023.2.3\bin -Dfile.encoding=UTF-8 -Dsun.stdout.encoding=UTF-8 -Dsun.stderr.encoding=UTF-8 com.example.marketplace.MarketplaceApplication

Host: 11th Gen Intel(R) Core(TM) i5-11400H @ 2.70GHz, 12 cores, 15G,  Windows 11 , 64 bit Build 26100 (10.0.26100.5074)
Time: Fri Sep 26 16:02:54 2025 SE Asia Standard Time elapsed time: 9.921796 seconds (0d 0h 0m 9s)

---------------  T H R E A D  ---------------

Current thread (0x000001dfc100af50):  VMThread "VM Thread"          [id=30736, stack(0x0000001cb9400000,0x0000001cb9500000) (1024K)]

Stack: [0x0000001cb9400000,0x0000001cb9500000]
Native frames: (J=compiled Java code, j=interpreted, Vv=VM code, C=native code)
V  [jvm.dll+0x6e0b99]  (no source info available)
V  [jvm.dll+0x87e2b3]  (no source info available)
V  [jvm.dll+0x88073e]  (no source info available)
V  [jvm.dll+0x880e13]  (no source info available)
V  [jvm.dll+0x27b006]  (no source info available)
V  [jvm.dll+0x6dd485]  (no source info available)
V  [jvm.dll+0x6d127a]  (no source info available)
V  [jvm.dll+0x35b50a]  (no source info available)
V  [jvm.dll+0x363916]  (no source info available)
V  [jvm.dll+0x34fe7e]  (no source info available)
V  [jvm.dll+0x350118]  (no source info available)
V  [jvm.dll+0x328aec]  (no source info available)
V  [jvm.dll+0x328b7a]  (no source info available)
V  [jvm.dll+0x374db2]  (no source info available)
V  [jvm.dll+0x3734b2]  (no source info available)
V  [jvm.dll+0x3282c7]  (no source info available)
V  [jvm.dll+0x372c64]  (no source info available)
V  [jvm.dll+0x886d50]  (no source info available)
V  [jvm.dll+0x888077]  (no source info available)
V  [jvm.dll+0x8885a8]  (no source info available)
V  [jvm.dll+0x888843]  (no source info available)
V  [jvm.dll+0x8254cb]  (no source info available)
V  [jvm.dll+0x6df345]  (no source info available)
C  [ucrtbase.dll+0x37b0]  (no source info available)
C  [KERNEL32.DLL+0x2e8d7]  (no source info available)
C  [ntdll.dll+0x8d9c]  (no source info available)

VM_Operation (0x0000001cba8fa440): G1CollectForAllocation, mode: safepoint, requested by thread 0x000001dfc67389d0


---------------  P R O C E S S  ---------------

Threads class SMR info:
_java_thread_list=0x000001dfccd21a30, length=22, elements={
0x000001dfceae07d0, 0x000001dfc10253e0, 0x000001dfc1026130, 0x000001dfc10295d0,
0x000001dfc102a120, 0x000001dfc102ac70, 0x000001dfc102eb70, 0x000001dfc1071870,
0x000001dfc1072320, 0x000001dfc1147cd0, 0x000001dfc1364e90, 0x000001dfc154a170,
0x000001dfc154a7e0, 0x000001dfc677fa20, 0x000001dfc66f4dc0, 0x000001dfc67389d0,
0x000001dfc925dfb0, 0x000001dfc925d290, 0x000001dfc925c570, 0x000001dfc925e640,
0x000001dfca267ce0, 0x000001dfca268370
}

Java Threads: ( => current thread )
  0x000001dfceae07d0 JavaThread "main"                              [_thread_blocked, id=22176, stack(0x0000001cb8d00000,0x0000001cb8e00000) (1024K)]
  0x000001dfc10253e0 JavaThread "Reference Handler"          daemon [_thread_blocked, id=29460, stack(0x0000001cb9500000,0x0000001cb9600000) (1024K)]
  0x000001dfc1026130 JavaThread "Finalizer"                  daemon [_thread_blocked, id=24848, stack(0x0000001cb9600000,0x0000001cb9700000) (1024K)]
  0x000001dfc10295d0 JavaThread "Signal Dispatcher"          daemon [_thread_blocked, id=18040, stack(0x0000001cb9700000,0x0000001cb9800000) (1024K)]
  0x000001dfc102a120 JavaThread "Attach Listener"            daemon [_thread_blocked, id=31208, stack(0x0000001cb9800000,0x0000001cb9900000) (1024K)]
  0x000001dfc102ac70 JavaThread "Service Thread"             daemon [_thread_blocked, id=28592, stack(0x0000001cb9900000,0x0000001cb9a00000) (1024K)]
  0x000001dfc102eb70 JavaThread "Monitor Deflation Thread"   daemon [_thread_blocked, id=8512, stack(0x0000001cb9a00000,0x0000001cb9b00000) (1024K)]
  0x000001dfc1071870 JavaThread "C2 CompilerThread0"         daemon [_thread_blocked, id=28508, stack(0x0000001cb9b00000,0x0000001cb9c00000) (1024K)]
  0x000001dfc1072320 JavaThread "C1 CompilerThread0"         daemon [_thread_blocked, id=12868, stack(0x0000001cb9c00000,0x0000001cb9d00000) (1024K)]
  0x000001dfc1147cd0 JavaThread "Common-Cleaner"             daemon [_thread_blocked, id=24204, stack(0x0000001cb9d00000,0x0000001cb9e00000) (1024K)]
  0x000001dfc1364e90 JavaThread "C2 CompilerThread1"         daemon [_thread_blocked, id=6700, stack(0x0000001cb9e00000,0x0000001cb9f00000) (1024K)]
  0x000001dfc154a170 JavaThread "Monitor Ctrl-Break"         daemon [_thread_in_native, id=25012, stack(0x0000001cb9f00000,0x0000001cba000000) (1024K)]
  0x000001dfc154a7e0 JavaThread "Notification Thread"        daemon [_thread_blocked, id=31632, stack(0x0000001cba000000,0x0000001cba100000) (1024K)]
  0x000001dfc677fa20 JavaThread "C2 CompilerThread2"         daemon [_thread_blocked, id=30340, stack(0x0000001cba600000,0x0000001cba700000) (1024K)]
  0x000001dfc66f4dc0 JavaThread "Thread-0"                          [_thread_blocked, id=17572, stack(0x0000001cba700000,0x0000001cba800000) (1024K)]
  0x000001dfc67389d0 JavaThread "restartedMain"                     [_thread_blocked, id=22828, stack(0x0000001cba800000,0x0000001cba900000) (1024K)]
  0x000001dfc925dfb0 JavaThread "Catalina-utility-1"                [_thread_blocked, id=31296, stack(0x0000001cba900000,0x0000001cbaa00000) (1024K)]
  0x000001dfc925d290 JavaThread "Catalina-utility-2"                [_thread_blocked, id=4012, stack(0x0000001cbb000000,0x0000001cbb100000) (1024K)]
  0x000001dfc925c570 JavaThread "container-0"                       [_thread_blocked, id=10932, stack(0x0000001cbb100000,0x0000001cbb200000) (1024K)]
  0x000001dfc925e640 JavaThread "mysql-cj-abandoned-connection-cleanup" daemon [_thread_blocked, id=4652, stack(0x0000001cbb200000,0x0000001cbb300000) (1024K)]
  0x000001dfca267ce0 JavaThread "HikariPool-1:housekeeper"   daemon [_thread_blocked, id=27736, stack(0x0000001cbb400000,0x0000001cbb500000) (1024K)]
  0x000001dfca268370 JavaThread "HikariPool-1:connection-adder" daemon [_thread_blocked, id=30920, stack(0x0000001cbb500000,0x0000001cbb600000) (1024K)]
Total: 22

Other Threads:
=>0x000001dfc100af50 VMThread "VM Thread"                           [id=30736, stack(0x0000001cb9400000,0x0000001cb9500000) (1024K)]
  0x000001dfedd663b0 WatcherThread "VM Periodic Task Thread"        [id=31060, stack(0x0000001cb9300000,0x0000001cb9400000) (1024K)]
  0x000001dfd0f64ad0 WorkerThread "GC Thread#0"                     [id=32628, stack(0x0000001cb8e00000,0x0000001cb8f00000) (1024K)]
  0x000001dfc62ca390 WorkerThread "GC Thread#1"                     [id=14368, stack(0x0000001cba100000,0x0000001cba200000) (1024K)]
  0x000001dfc62cab50 WorkerThread "GC Thread#2"                     [id=25052, stack(0x0000001cba200000,0x0000001cba300000) (1024K)]
  0x000001dfc6338b50 WorkerThread "GC Thread#3"                     [id=18592, stack(0x0000001cba300000,0x0000001cba400000) (1024K)]
  0x000001dfc6338f00 WorkerThread "GC Thread#4"                     [id=14720, stack(0x0000001cba400000,0x0000001cba500000) (1024K)]
  0x000001dfc63392b0 WorkerThread "GC Thread#5"                     [id=16816, stack(0x0000001cba500000,0x0000001cba600000) (1024K)]
  0x000001dfc668ec60 WorkerThread "GC Thread#6"                     [id=5104, stack(0x0000001cbaa00000,0x0000001cbab00000) (1024K)]
  0x000001dfc668f010 WorkerThread "GC Thread#7"                     [id=2436, stack(0x0000001cbab00000,0x0000001cbac00000) (1024K)]
  0x000001dfc668f770 WorkerThread "GC Thread#8"                     [id=32096, stack(0x0000001cbac00000,0x0000001cbad00000) (1024K)]
  0x000001dfc6b8ba70 WorkerThread "GC Thread#9"                     [id=10424, stack(0x0000001cbad00000,0x0000001cbae00000) (1024K)]
  0x000001dfedbb2b80 ConcurrentGCThread "G1 Main Marker"            [id=21648, stack(0x0000001cb8f00000,0x0000001cb9000000) (1024K)]
  0x000001dfedbb3ae0 WorkerThread "G1 Conc#0"                       [id=30768, stack(0x0000001cb9000000,0x0000001cb9100000) (1024K)]
  0x000001dfc6b8a450 WorkerThread "G1 Conc#1"                       [id=28400, stack(0x0000001cbae00000,0x0000001cbaf00000) (1024K)]
  0x000001dfc6b8be20 WorkerThread "G1 Conc#2"                       [id=12716, stack(0x0000001cbaf00000,0x0000001cbb000000) (1024K)]
  0x000001dfedc35f80 ConcurrentGCThread "G1 Refine#0"               [id=27468, stack(0x0000001cb9100000,0x0000001cb9200000) (1024K)]
  0x000001dfedc389b0 ConcurrentGCThread "G1 Service"                [id=23708, stack(0x0000001cb9200000,0x0000001cb9300000) (1024K)]
Total: 18

Threads with active compile tasks:
C2 CompilerThread1  9981 9514       4       org.antlr.v4.runtime.atn.PredictionContext::mergeSingletons (392 bytes)
Total: 1

VM state: at safepoint (normal execution)

VM Mutex/Monitor currently owned by a thread:  ([mutex/lock_event])
[0x00007ffdae3f4888] Threads_lock - owner thread: 0x000001dfc100af50
[0x00007ffdae3f4988] Heap_lock - owner thread: 0x000001dfc67389d0

Heap address: 0x0000000705a00000, size: 4006 MB, Compressed Oops mode: Zero based, Oop shift amount: 3

CDS archive(s) mapped at: [0x000001df80000000-0x000001df80d70000-0x000001df80d70000), size 14090240, SharedBaseAddress: 0x000001df80000000, ArchiveRelocationMode: 1.
Compressed class space mapped at: 0x000001df81000000-0x000001dfc1000000, reserved size: 1073741824
Narrow klass base: 0x000001df80000000, Narrow klass shift: 0, Narrow klass range: 0x41000000

GC Precious Log:
 CardTable entry size: 512
 Card Set container configuration: InlinePtr #cards 4 size 8 Array Of Cards #cards 16 size 48 Howl #buckets 8 coarsen threshold 3686 Howl Bitmap #cards 512 size 80 coarsen threshold 460 Card regions per heap region 1 cards per card region 4096
 CPUs: 12 total, 12 available
 Memory: 16021M
 Large Page Support: Disabled
 NUMA Support: Disabled
 Compressed Oops: Enabled (Zero based)
 Heap Region Size: 2M
 Heap Min Capacity: 8M
 Heap Initial Capacity: 252M
 Heap Max Capacity: 4006M
 Pre-touch: Disabled
 Parallel Workers: 10
 Concurrent Workers: 3
 Concurrent Refinement Workers: 10
 Periodic GC: Disabled

Heap:
 garbage-first heap   total reserved 4102144K, committed 204800K, used 110754K [0x0000000705a00000, 0x0000000800000000)
  region size 2048K, 1 young (2048K), 1 survivors (2048K)
 Metaspace       used 84424K, committed 85120K, reserved 1179648K
  class space    used 11904K, committed 12224K, reserved 1048576K

Heap Regions: E=young(eden), S=young(survivor), O=old, HS=humongous(starts), HC=humongous(continues), CS=collection set, F=free, TAMS=top-at-mark-start, PB=parsable bottom
|   0|0x0000000705a00000, 0x0000000705c00000, 0x0000000705c00000|100%| O|  |TAMS 0x0000000705a00000| PB 0x0000000705a00000| Untracked |  0
|   1|0x0000000705c00000, 0x0000000705e00000, 0x0000000705e00000|100%| O|  |TAMS 0x0000000705c00000| PB 0x0000000705c00000| Untracked |  0
|   2|0x0000000705e00000, 0x0000000706000000, 0x0000000706000000|100%| O|  |TAMS 0x0000000705e00000| PB 0x0000000705e00000| Untracked |  0
|   3|0x0000000706000000, 0x0000000706200000, 0x0000000706200000|100%| O|  |TAMS 0x0000000706000000| PB 0x0000000706000000| Untracked |  0
|   4|0x0000000706200000, 0x0000000706400000, 0x0000000706400000|100%| O|  |TAMS 0x0000000706200000| PB 0x0000000706200000| Untracked |  0
|   5|0x0000000706400000, 0x0000000706600000, 0x0000000706600000|100%| O|  |TAMS 0x0000000706400000| PB 0x0000000706400000| Untracked |  0
|   6|0x0000000706600000, 0x0000000706800000, 0x0000000706800000|100%| O|  |TAMS 0x0000000706600000| PB 0x0000000706600000| Untracked |  0
|   7|0x0000000706800000, 0x0000000706a00000, 0x0000000706a00000|100%| O|  |TAMS 0x0000000706800000| PB 0x0000000706800000| Untracked |  0
|   8|0x0000000706a00000, 0x0000000706c00000, 0x0000000706c00000|100%| O|  |TAMS 0x0000000706a00000| PB 0x0000000706a00000| Untracked |  0
|   9|0x0000000706c00000, 0x0000000706e00000, 0x0000000706e00000|100%| O|  |TAMS 0x0000000706c00000| PB 0x0000000706c00000| Untracked |  0
|  10|0x0000000706e00000, 0x0000000707000000, 0x0000000707000000|100%| O|  |TAMS 0x0000000706e00000| PB 0x0000000706e00000| Untracked |  0
|  11|0x0000000707000000, 0x0000000707200000, 0x0000000707200000|100%| O|  |TAMS 0x0000000707000000| PB 0x0000000707000000| Untracked |  0
|  12|0x0000000707200000, 0x0000000707400000, 0x0000000707400000|100%| O|  |TAMS 0x0000000707200000| PB 0x0000000707200000| Untracked |  0
|  13|0x0000000707400000, 0x0000000707600000, 0x0000000707600000|100%| O|  |TAMS 0x0000000707400000| PB 0x0000000707400000| Untracked |  0
|  14|0x0000000707600000, 0x0000000707800000, 0x0000000707800000|100%| O|  |TAMS 0x0000000707600000| PB 0x0000000707600000| Untracked |  0
|  15|0x0000000707800000, 0x0000000707a00000, 0x0000000707a00000|100%| O|  |TAMS 0x0000000707800000| PB 0x0000000707800000| Untracked |  0
|  16|0x0000000707a00000, 0x0000000707c00000, 0x0000000707c00000|100%| O|  |TAMS 0x0000000707a00000| PB 0x0000000707a00000| Untracked |  0
|  17|0x0000000707c00000, 0x0000000707e00000, 0x0000000707e00000|100%| O|  |TAMS 0x0000000707c00000| PB 0x0000000707c00000| Untracked |  0
|  18|0x0000000707e00000, 0x0000000708000000, 0x0000000708000000|100%| O|  |TAMS 0x0000000707e00000| PB 0x0000000707e00000| Untracked |  0
|  19|0x0000000708000000, 0x0000000708200000, 0x0000000708200000|100%| O|  |TAMS 0x0000000708000000| PB 0x0000000708000000| Untracked |  0
|  20|0x0000000708200000, 0x0000000708400000, 0x0000000708400000|100%| O|  |TAMS 0x0000000708200000| PB 0x0000000708200000| Untracked |  0
|  21|0x0000000708400000, 0x0000000708600000, 0x0000000708600000|100%| O|  |TAMS 0x0000000708400000| PB 0x0000000708400000| Untracked |  0
|  22|0x0000000708600000, 0x0000000708800000, 0x0000000708800000|100%| O|  |TAMS 0x0000000708600000| PB 0x0000000708600000| Untracked |  0
|  23|0x0000000708800000, 0x0000000708800000, 0x0000000708a00000|  0%| F|  |TAMS 0x0000000708800000| PB 0x0000000708800000| Untracked |  0
|  24|0x0000000708a00000, 0x0000000708c00000, 0x0000000708c00000|100%| O|  |TAMS 0x0000000708a00000| PB 0x0000000708a00000| Untracked |  0
|  25|0x0000000708c00000, 0x0000000708c00000, 0x0000000708e00000|  0%| F|  |TAMS 0x0000000708c00000| PB 0x0000000708c00000| Untracked |  0
|  26|0x0000000708e00000, 0x0000000708e00000, 0x0000000709000000|  0%| F|  |TAMS 0x0000000708e00000| PB 0x0000000708e00000| Untracked |  0
|  27|0x0000000709000000, 0x0000000709000000, 0x0000000709200000|  0%| F|  |TAMS 0x0000000709000000| PB 0x0000000709000000| Untracked |  0
|  28|0x0000000709200000, 0x0000000709400000, 0x0000000709400000|100%| O|  |TAMS 0x0000000709200000| PB 0x0000000709200000| Untracked |  0
|  29|0x0000000709400000, 0x0000000709400000, 0x0000000709600000|  0%| F|  |TAMS 0x0000000709400000| PB 0x0000000709400000| Untracked |  0
|  30|0x0000000709600000, 0x0000000709600000, 0x0000000709800000|  0%| F|  |TAMS 0x0000000709600000| PB 0x0000000709600000| Untracked |  0
|  31|0x0000000709800000, 0x0000000709800000, 0x0000000709a00000|  0%| F|  |TAMS 0x0000000709800000| PB 0x0000000709800000| Untracked |  0
|  32|0x0000000709a00000, 0x0000000709c00000, 0x0000000709c00000|100%| O|  |TAMS 0x0000000709a00000| PB 0x0000000709a00000| Untracked |  0
|  33|0x0000000709c00000, 0x0000000709e00000, 0x0000000709e00000|100%| O|  |TAMS 0x0000000709c00000| PB 0x0000000709c00000| Untracked |  0
|  34|0x0000000709e00000, 0x000000070a000000, 0x000000070a000000|100%| O|  |TAMS 0x0000000709e00000| PB 0x0000000709e00000| Untracked |  0
|  35|0x000000070a000000, 0x000000070a200000, 0x000000070a200000|100%| O|  |TAMS 0x000000070a000000| PB 0x000000070a000000| Untracked |  0
|  36|0x000000070a200000, 0x000000070a400000, 0x000000070a400000|100%| O|  |TAMS 0x000000070a200000| PB 0x000000070a200000| Untracked |  0
|  37|0x000000070a400000, 0x000000070a600000, 0x000000070a600000|100%| O|  |TAMS 0x000000070a400000| PB 0x000000070a400000| Untracked |  0
|  38|0x000000070a600000, 0x000000070a800000, 0x000000070a800000|100%| O|  |TAMS 0x000000070a600000| PB 0x000000070a600000| Untracked |  0
|  39|0x000000070a800000, 0x000000070aa00000, 0x000000070aa00000|100%| O|  |TAMS 0x000000070a800000| PB 0x000000070a800000| Untracked |  0
|  40|0x000000070aa00000, 0x000000070ac00000, 0x000000070ac00000|100%| O|  |TAMS 0x000000070aa00000| PB 0x000000070aa00000| Untracked |  0
|  41|0x000000070ac00000, 0x000000070ae00000, 0x000000070ae00000|100%| O|  |TAMS 0x000000070ac00000| PB 0x000000070ac00000| Untracked |  0
|  42|0x000000070ae00000, 0x000000070b000000, 0x000000070b000000|100%| O|  |TAMS 0x000000070ae00000| PB 0x000000070ae00000| Untracked |  0
|  43|0x000000070b000000, 0x000000070b200000, 0x000000070b200000|100%| O|  |TAMS 0x000000070b000000| PB 0x000000070b000000| Untracked |  0
|  44|0x000000070b200000, 0x000000070b400000, 0x000000070b400000|100%| O|  |TAMS 0x000000070b200000| PB 0x000000070b200000| Untracked |  0
|  45|0x000000070b400000, 0x000000070b600000, 0x000000070b600000|100%| O|  |TAMS 0x000000070b400000| PB 0x000000070b400000| Untracked |  0
|  46|0x000000070b600000, 0x000000070b800000, 0x000000070b800000|100%| O|  |TAMS 0x000000070b600000| PB 0x000000070b600000| Untracked |  0
|  47|0x000000070b800000, 0x000000070ba00000, 0x000000070ba00000|100%| O|  |TAMS 0x000000070b800000| PB 0x000000070b800000| Untracked |  0
|  48|0x000000070ba00000, 0x000000070bc00000, 0x000000070bc00000|100%| O|  |TAMS 0x000000070ba00000| PB 0x000000070ba00000| Untracked |  0
|  49|0x000000070bc00000, 0x000000070be00000, 0x000000070be00000|100%| O|  |TAMS 0x000000070bc00000| PB 0x000000070bc00000| Untracked |  0
|  50|0x000000070be00000, 0x000000070c000000, 0x000000070c000000|100%| O|  |TAMS 0x000000070be00000| PB 0x000000070be00000| Untracked |  0
|  51|0x000000070c000000, 0x000000070c200000, 0x000000070c200000|100%| O|  |TAMS 0x000000070c000000| PB 0x000000070c000000| Untracked |  0
|  52|0x000000070c200000, 0x000000070c400000, 0x000000070c400000|100%| O|  |TAMS 0x000000070c200000| PB 0x000000070c200000| Untracked |  0
|  53|0x000000070c400000, 0x000000070c600000, 0x000000070c600000|100%| O|  |TAMS 0x000000070c400000| PB 0x000000070c400000| Untracked |  0
|  54|0x000000070c600000, 0x000000070c800000, 0x000000070c800000|100%| O|  |TAMS 0x000000070c600000| PB 0x000000070c600000| Untracked |  0
|  55|0x000000070c800000, 0x000000070ca00000, 0x000000070ca00000|100%|HS|  |TAMS 0x000000070c800000| PB 0x000000070c800000| Complete |  0
|  56|0x000000070ca00000, 0x000000070cc00000, 0x000000070cc00000|100%| O|  |TAMS 0x000000070ca00000| PB 0x000000070ca00000| Untracked |  0
|  57|0x000000070cc00000, 0x000000070ce00000, 0x000000070ce00000|100%| O|  |TAMS 0x000000070cc00000| PB 0x000000070cc00000| Untracked |  0
|  58|0x000000070ce00000, 0x000000070d000000, 0x000000070d000000|100%| O|  |TAMS 0x000000070ce00000| PB 0x000000070ce00000| Untracked |  0
|  59|0x000000070d000000, 0x000000070d1690e0, 0x000000070d200000| 70%| O|  |TAMS 0x000000070d000000| PB 0x000000070d000000| Untracked |  0
|  60|0x000000070d200000, 0x000000070d200000, 0x000000070d400000|  0%| F|  |TAMS 0x000000070d200000| PB 0x000000070d200000| Untracked |  0
|  61|0x000000070d400000, 0x000000070d400000, 0x000000070d600000|  0%| F|  |TAMS 0x000000070d400000| PB 0x000000070d400000| Untracked |  0
|  62|0x000000070d600000, 0x000000070d600000, 0x000000070d800000|  0%| F|  |TAMS 0x000000070d600000| PB 0x000000070d600000| Untracked |  0
|  63|0x000000070d800000, 0x000000070d800000, 0x000000070da00000|  0%| F|  |TAMS 0x000000070d800000| PB 0x000000070d800000| Untracked |  0
|  64|0x000000070da00000, 0x000000070da00000, 0x000000070dc00000|  0%| F|  |TAMS 0x000000070da00000| PB 0x000000070da00000| Untracked |  0
|  65|0x000000070dc00000, 0x000000070dc00000, 0x000000070de00000|  0%| F|  |TAMS 0x000000070dc00000| PB 0x000000070dc00000| Untracked |  0
|  66|0x000000070de00000, 0x000000070de00000, 0x000000070e000000|  0%| F|  |TAMS 0x000000070de00000| PB 0x000000070de00000| Untracked |  0
|  67|0x000000070e000000, 0x000000070e000000, 0x000000070e200000|  0%| F|  |TAMS 0x000000070e000000| PB 0x000000070e000000| Untracked |  0
|  68|0x000000070e200000, 0x000000070e200000, 0x000000070e400000|  0%| F|  |TAMS 0x000000070e200000| PB 0x000000070e200000| Untracked |  0
|  69|0x000000070e400000, 0x000000070e400000, 0x000000070e600000|  0%| F|  |TAMS 0x000000070e400000| PB 0x000000070e400000| Untracked |  0
|  70|0x000000070e600000, 0x000000070e600000, 0x000000070e800000|  0%| F|  |TAMS 0x000000070e600000| PB 0x000000070e600000| Untracked |  0
|  71|0x000000070e800000, 0x000000070e8bf880, 0x000000070ea00000| 37%| S|CS|TAMS 0x000000070e800000| PB 0x000000070e800000| Complete |  0
|  72|0x000000070ea00000, 0x000000070ea00000, 0x000000070ec00000|  0%| F|  |TAMS 0x000000070ea00000| PB 0x000000070ea00000| Untracked |  0
|  73|0x000000070ec00000, 0x000000070ec00000, 0x000000070ee00000|  0%| F|  |TAMS 0x000000070ec00000| PB 0x000000070ec00000| Untracked |  0
|  74|0x000000070ee00000, 0x000000070ee00000, 0x000000070f000000|  0%| F|  |TAMS 0x000000070ee00000| PB 0x000000070ee00000| Untracked |  0
|  75|0x000000070f000000, 0x000000070f000000, 0x000000070f200000|  0%| F|  |TAMS 0x000000070f000000| PB 0x000000070f000000| Untracked |  0
|  76|0x000000070f200000, 0x000000070f200000, 0x000000070f400000|  0%| F|  |TAMS 0x000000070f200000| PB 0x000000070f200000| Untracked |  0
|  77|0x000000070f400000, 0x000000070f400000, 0x000000070f600000|  0%| F|  |TAMS 0x000000070f400000| PB 0x000000070f400000| Untracked |  0
|  78|0x000000070f600000, 0x000000070f600000, 0x000000070f800000|  0%| F|  |TAMS 0x000000070f600000| PB 0x000000070f600000| Untracked |  0
|  79|0x000000070f800000, 0x000000070f800000, 0x000000070fa00000|  0%| F|  |TAMS 0x000000070f800000| PB 0x000000070f800000| Untracked |  0
|  80|0x000000070fa00000, 0x000000070fa00000, 0x000000070fc00000|  0%| F|  |TAMS 0x000000070fa00000| PB 0x000000070fa00000| Untracked |  0
|  81|0x000000070fc00000, 0x000000070fc00000, 0x000000070fe00000|  0%| F|  |TAMS 0x000000070fc00000| PB 0x000000070fc00000| Untracked |  0
|  82|0x000000070fe00000, 0x000000070fe00000, 0x0000000710000000|  0%| F|  |TAMS 0x000000070fe00000| PB 0x000000070fe00000| Untracked |  0
|  83|0x0000000710000000, 0x0000000710000000, 0x0000000710200000|  0%| F|  |TAMS 0x0000000710000000| PB 0x0000000710000000| Untracked |  0
|  84|0x0000000710200000, 0x0000000710200000, 0x0000000710400000|  0%| F|  |TAMS 0x0000000710200000| PB 0x0000000710200000| Untracked |  0
|  85|0x0000000710400000, 0x0000000710400000, 0x0000000710600000|  0%| F|  |TAMS 0x0000000710400000| PB 0x0000000710400000| Untracked |  0
|  86|0x0000000710600000, 0x0000000710600000, 0x0000000710800000|  0%| F|  |TAMS 0x0000000710600000| PB 0x0000000710600000| Untracked |  0
|  87|0x0000000710800000, 0x0000000710800000, 0x0000000710a00000|  0%| F|  |TAMS 0x0000000710800000| PB 0x0000000710800000| Untracked |  0
|  88|0x0000000710a00000, 0x0000000710a00000, 0x0000000710c00000|  0%| F|  |TAMS 0x0000000710a00000| PB 0x0000000710a00000| Untracked |  0
|  89|0x0000000710c00000, 0x0000000710c00000, 0x0000000710e00000|  0%| F|  |TAMS 0x0000000710c00000| PB 0x0000000710c00000| Untracked |  0
|  90|0x0000000710e00000, 0x0000000710e00000, 0x0000000711000000|  0%| F|  |TAMS 0x0000000710e00000| PB 0x0000000710e00000| Untracked |  0
|  91|0x0000000711000000, 0x0000000711000000, 0x0000000711200000|  0%| F|  |TAMS 0x0000000711000000| PB 0x0000000711000000| Untracked |  0
|  92|0x0000000711200000, 0x0000000711200000, 0x0000000711400000|  0%| F|  |TAMS 0x0000000711200000| PB 0x0000000711200000| Untracked |  0
|  93|0x0000000711400000, 0x0000000711400000, 0x0000000711600000|  0%| F|  |TAMS 0x0000000711400000| PB 0x0000000711400000| Untracked |  0
|  94|0x0000000711600000, 0x0000000711600000, 0x0000000711800000|  0%| F|  |TAMS 0x0000000711600000| PB 0x0000000711600000| Untracked |  0
| 125|0x0000000715400000, 0x0000000715400000, 0x0000000715600000|  0%| F|  |TAMS 0x0000000715400000| PB 0x0000000715400000| Untracked |  0
|1999|0x00000007ff800000, 0x00000007ffa00000, 0x00000007ffa00000|100%| O|  |TAMS 0x00000007ff800000| PB 0x00000007ff800000| Untracked |  0
|2000|0x00000007ffa00000, 0x00000007ffa00000, 0x00000007ffc00000|  0%| F|  |TAMS 0x00000007ffa00000| PB 0x00000007ffa00000| Untracked |  0
|2001|0x00000007ffc00000, 0x00000007ffc00000, 0x00000007ffe00000|  0%| F|  |TAMS 0x00000007ffc00000| PB 0x00000007ffc00000| Untracked |  0
|2002|0x00000007ffe00000, 0x00000007ffe00000, 0x0000000800000000|  0%| F|  |TAMS 0x00000007ffe00000| PB 0x00000007ffe00000| Untracked |  0

Card table byte_map: [0x000001dfe9460000,0x000001dfe9c40000] _byte_map_base: 0x000001dfe5c33000

Marking Bits: (CMBitMap*) 0x000001dfd0f651e0
 Bits: [0x000001dfe9c40000, 0x000001dfedad8000)

Polling page: 0x000001dfced00000

Metaspace:

Usage:
  Non-class:     70.82 MB used.
      Class:     11.63 MB used.
       Both:     82.45 MB used.

Virtual space:
  Non-class space:      128.00 MB reserved,      71.19 MB ( 56%) committed,  2 nodes.
      Class space:        1.00 GB reserved,      11.94 MB (  1%) committed,  1 nodes.
             Both:        1.12 GB reserved,      83.12 MB (  7%) committed. 

Chunk freelists:
   Non-Class:  8.41 MB
       Class:  4.09 MB
        Both:  12.50 MB

MaxMetaspaceSize: unlimited
CompressedClassSpaceSize: 1.00 GB
Initial GC threshold: 21.00 MB
Current GC threshold: 138.56 MB
CDS: on
 - commit_granule_bytes: 65536.
 - commit_granule_words: 8192.
 - virtual_space_node_default_size: 8388608.
 - enlarge_chunks_in_place: 1.
 - use_allocation_guard: 0.


Internal statistics:

num_allocs_failed_limit: 6.
num_arena_births: 924.
num_arena_deaths: 0.
num_vsnodes_births: 3.
num_vsnodes_deaths: 0.
num_space_committed: 1330.
num_space_uncommitted: 0.
num_chunks_returned_to_freelist: 6.
num_chunks_taken_from_freelist: 3840.
num_chunk_merges: 3.
num_chunk_splits: 2797.
num_chunks_enlarged: 2221.
num_inconsistent_stats: 0.

CodeHeap 'non-profiled nmethods': size=120064Kb used=4120Kb max_used=4155Kb free=115944Kb
 bounds [0x000001dfe10e0000, 0x000001dfe1500000, 0x000001dfe8620000]
CodeHeap 'profiled nmethods': size=120000Kb used=11029Kb max_used=11632Kb free=108970Kb
 bounds [0x000001dfd9620000, 0x000001dfda180000, 0x000001dfe0b50000]
CodeHeap 'non-nmethods': size=5696Kb used=1924Kb max_used=1978Kb free=3771Kb
 bounds [0x000001dfe0b50000, 0x000001dfe0dc0000, 0x000001dfe10e0000]
CodeCache: size=245760Kb, used=17073Kb, max_used=17765Kb, free=228685Kb
 total_blobs=8526, nmethods=7747, adapters=683, full_count=0
Compilation: enabled, stopped_count=0, restarted_count=0

Compilation events (20 events):
Event: 8.734 Thread 0x000001dfc1071870 nmethod 9498 0x000001dfe14b6188 code [0x000001dfe14b6680, 0x000001dfe14bb1b0]
Event: 8.740 Thread 0x000001dfc677fa20 nmethod 9503% 0x000001dfe14ef208 code [0x000001dfe14ef580, 0x000001dfe14f1f00]
Event: 8.753 Thread 0x000001dfc1364e90 nmethod 9505 0x000001dfe14bd088 code [0x000001dfe14bd340, 0x000001dfe14bf748]
Event: 8.758 Thread 0x000001dfc1072320 9506       3       java.util.ArrayList::equalsArrayList (108 bytes)
Event: 8.758 Thread 0x000001dfc1071870 9507       4       org.antlr.v4.runtime.atn.ParserATNSimulator::computeReachSet (575 bytes)
Event: 8.759 Thread 0x000001dfc1072320 nmethod 9506 0x000001dfd976a688 code [0x000001dfd976a820, 0x000001dfd976afe0]
Event: 8.759 Thread 0x000001dfc1072320 9508       3       org.antlr.v4.runtime.atn.ParserATNSimulator::computeTargetState (286 bytes)
Event: 8.760 Thread 0x000001dfc1072320 nmethod 9508 0x000001dfda047708 code [0x000001dfda047b80, 0x000001dfda049e08]
Event: 8.774 Thread 0x000001dfc1072320 9509       1       org.antlr.v4.runtime.misc.IntegerList::size (5 bytes)
Event: 8.774 Thread 0x000001dfc1072320 nmethod 9509 0x000001dfe1291988 code [0x000001dfe1291aa0, 0x000001dfe1291b68]
Event: 8.799 Thread 0x000001dfc1072320 9510   !   3       org.antlr.v4.runtime.atn.ParserATNSimulator::addDFAState (173 bytes)
Event: 8.800 Thread 0x000001dfc1072320 nmethod 9510 0x000001dfd99aba08 code [0x000001dfd99abd40, 0x000001dfd99ad548]
Event: 8.800 Thread 0x000001dfc1072320 9511       3       org.antlr.v4.runtime.BailErrorStrategy::sync (1 bytes)
Event: 8.800 Thread 0x000001dfc1072320 nmethod 9511 0x000001dfd9655108 code [0x000001dfd9655220, 0x000001dfd9655328]
Event: 8.803 Thread 0x000001dfc1071870 nmethod 9507 0x000001dfe14f2188 code [0x000001dfe14f2500, 0x000001dfe14f5190]
Event: 8.804 Thread 0x000001dfc1072320 9512       3       org.antlr.v4.runtime.ParserRuleContext::getChildCount (21 bytes)
Event: 8.804 Thread 0x000001dfc1072320 nmethod 9512 0x000001dfd97de308 code [0x000001dfd97de440, 0x000001dfd97de680]
Event: 8.804 Thread 0x000001dfc1072320 9513       3       org.antlr.v4.runtime.atn.PredictionContext::mergeSingletons (392 bytes)
Event: 8.804 Thread 0x000001dfc1072320 nmethod 9513 0x000001dfd9cf1508 code [0x000001dfd9cf1820, 0x000001dfd9cf3748]
Event: 8.805 Thread 0x000001dfc1364e90 9514       4       org.antlr.v4.runtime.atn.PredictionContext::mergeSingletons (392 bytes)

GC Heap History (20 events):
Event: 8.190 GC heap after
{Heap after GC invocations=27 (full 0):
 garbage-first heap   total reserved 4102144K, committed 98304K, used 48806K [0x0000000705a00000, 0x0000000800000000)
  region size 2048K, 2 young (4096K), 2 survivors (4096K)
 Metaspace       used 82523K, committed 83200K, reserved 1179648K
  class space    used 11519K, committed 11840K, reserved 1048576K
}
Event: 8.308 GC heap before
{Heap before GC invocations=27 (full 0):
 garbage-first heap   total reserved 4102144K, committed 98304K, used 85670K [0x0000000705a00000, 0x0000000800000000)
  region size 2048K, 20 young (40960K), 2 survivors (4096K)
 Metaspace       used 82578K, committed 83264K, reserved 1179648K
  class space    used 11523K, committed 11840K, reserved 1048576K
}
Event: 8.315 GC heap after
{Heap after GC invocations=28 (full 0):
 garbage-first heap   total reserved 4102144K, committed 104448K, used 60829K [0x0000000705a00000, 0x0000000800000000)
  region size 2048K, 3 young (6144K), 3 survivors (6144K)
 Metaspace       used 82578K, committed 83264K, reserved 1179648K
  class space    used 11523K, committed 11840K, reserved 1048576K
}
Event: 8.358 GC heap before
{Heap before GC invocations=28 (full 0):
 garbage-first heap   total reserved 4102144K, committed 104448K, used 87453K [0x0000000705a00000, 0x0000000800000000)
  region size 2048K, 16 young (32768K), 3 survivors (6144K)
 Metaspace       used 82586K, committed 83264K, reserved 1179648K
  class space    used 11525K, committed 11840K, reserved 1048576K
}
Event: 8.363 GC heap after
{Heap after GC invocations=29 (full 0):
 garbage-first heap   total reserved 4102144K, committed 104448K, used 67003K [0x0000000705a00000, 0x0000000800000000)
  region size 2048K, 2 young (4096K), 2 survivors (4096K)
 Metaspace       used 82586K, committed 83264K, reserved 1179648K
  class space    used 11525K, committed 11840K, reserved 1048576K
}
Event: 8.397 GC heap before
{Heap before GC invocations=30 (full 0):
 garbage-first heap   total reserved 4102144K, committed 112640K, used 89531K [0x0000000705a00000, 0x0000000800000000)
  region size 2048K, 13 young (26624K), 2 survivors (4096K)
 Metaspace       used 82604K, committed 83264K, reserved 1179648K
  class space    used 11525K, committed 11840K, reserved 1048576K
}
Event: 8.401 GC heap after
{Heap after GC invocations=31 (full 0):
 garbage-first heap   total reserved 4102144K, committed 112640K, used 71988K [0x0000000705a00000, 0x0000000800000000)
  region size 2048K, 2 young (4096K), 2 survivors (4096K)
 Metaspace       used 82604K, committed 83264K, reserved 1179648K
  class space    used 11525K, committed 11840K, reserved 1048576K
}
Event: 8.557 GC heap before
{Heap before GC invocations=31 (full 0):
 garbage-first heap   total reserved 4102144K, committed 112640K, used 96564K [0x0000000705a00000, 0x0000000800000000)
  region size 2048K, 14 young (28672K), 2 survivors (4096K)
 Metaspace       used 84392K, committed 85056K, reserved 1179648K
  class space    used 11904K, committed 12224K, reserved 1048576K
}
Event: 8.560 GC heap after
{Heap after GC invocations=32 (full 0):
 garbage-first heap   total reserved 4102144K, committed 112640K, used 77188K [0x0000000705a00000, 0x0000000800000000)
  region size 2048K, 2 young (4096K), 2 survivors (4096K)
 Metaspace       used 84392K, committed 85056K, reserved 1179648K
  class space    used 11904K, committed 12224K, reserved 1048576K
}
Event: 8.585 GC heap before
{Heap before GC invocations=32 (full 0):
 garbage-first heap   total reserved 4102144K, committed 112640K, used 99716K [0x0000000705a00000, 0x0000000800000000)
  region size 2048K, 13 young (26624K), 2 survivors (4096K)
 Metaspace       used 84400K, committed 85120K, reserved 1179648K
  class space    used 11904K, committed 12224K, reserved 1048576K
}
Event: 8.590 GC heap after
{Heap after GC invocations=33 (full 0):
 garbage-first heap   total reserved 4102144K, committed 161792K, used 85347K [0x0000000705a00000, 0x0000000800000000)
  region size 2048K, 2 young (4096K), 2 survivors (4096K)
 Metaspace       used 84400K, committed 85120K, reserved 1179648K
  class space    used 11904K, committed 12224K, reserved 1048576K
}
Event: 8.637 GC heap before
{Heap before GC invocations=33 (full 0):
 garbage-first heap   total reserved 4102144K, committed 161792K, used 126307K [0x0000000705a00000, 0x0000000800000000)
  region size 2048K, 23 young (47104K), 2 survivors (4096K)
 Metaspace       used 84411K, committed 85120K, reserved 1179648K
  class space    used 11904K, committed 12224K, reserved 1048576K
}
Event: 8.644 GC heap after
{Heap after GC invocations=34 (full 0):
 garbage-first heap   total reserved 4102144K, committed 161792K, used 98304K [0x0000000705a00000, 0x0000000800000000)
  region size 2048K, 3 young (6144K), 3 survivors (6144K)
 Metaspace       used 84411K, committed 85120K, reserved 1179648K
  class space    used 11904K, committed 12224K, reserved 1048576K
}
Event: 8.674 GC heap before
{Heap before GC invocations=34 (full 0):
 garbage-first heap   total reserved 4102144K, committed 161792K, used 133120K [0x0000000705a00000, 0x0000000800000000)
  region size 2048K, 20 young (40960K), 3 survivors (6144K)
 Metaspace       used 84412K, committed 85120K, reserved 1179648K
  class space    used 11904K, committed 12224K, reserved 1048576K
}
Event: 8.682 GC heap after
{Heap after GC invocations=35 (full 0):
 garbage-first heap   total reserved 4102144K, committed 161792K, used 112435K [0x0000000705a00000, 0x0000000800000000)
  region size 2048K, 3 young (6144K), 3 survivors (6144K)
 Metaspace       used 84412K, committed 85120K, reserved 1179648K
  class space    used 11904K, committed 12224K, reserved 1048576K
}
Event: 8.724 GC heap before
{Heap before GC invocations=36 (full 0):
 garbage-first heap   total reserved 4102144K, committed 178176K, used 130867K [0x0000000705a00000, 0x0000000800000000)
  region size 2048K, 15 young (30720K), 3 survivors (6144K)
 Metaspace       used 84412K, committed 85120K, reserved 1179648K
  class space    used 11904K, committed 12224K, reserved 1048576K
}
Event: 8.731 GC heap after
{Heap after GC invocations=37 (full 0):
 garbage-first heap   total reserved 4102144K, committed 178176K, used 117490K [0x0000000705a00000, 0x0000000800000000)
  region size 2048K, 2 young (4096K), 2 survivors (4096K)
 Metaspace       used 84412K, committed 85120K, reserved 1179648K
  class space    used 11904K, committed 12224K, reserved 1048576K
}
Event: 8.779 GC heap before
{Heap before GC invocations=37 (full 0):
 garbage-first heap   total reserved 4102144K, committed 178176K, used 150258K [0x0000000705a00000, 0x0000000800000000)
  region size 2048K, 17 young (34816K), 2 survivors (4096K)
 Metaspace       used 84419K, committed 85120K, reserved 1179648K
  class space    used 11904K, committed 12224K, reserved 1048576K
}
Event: 8.784 GC heap after
{Heap after GC invocations=38 (full 0):
 garbage-first heap   total reserved 4102144K, committed 178176K, used 125123K [0x0000000705a00000, 0x0000000800000000)
  region size 2048K, 3 young (6144K), 3 survivors (6144K)
 Metaspace       used 84419K, committed 85120K, reserved 1179648K
  class space    used 11904K, committed 12224K, reserved 1048576K
}
Event: 8.811 GC heap before
{Heap before GC invocations=38 (full 0):
 garbage-first heap   total reserved 4102144K, committed 178176K, used 153795K [0x0000000705a00000, 0x0000000800000000)
  region size 2048K, 17 young (34816K), 3 survivors (6144K)
 Metaspace       used 84424K, committed 85120K, reserved 1179648K
  class space    used 11904K, committed 12224K, reserved 1048576K
}

Dll operation events (14 events):
Event: 0.014 Loaded shared library C:\Program Files\Java\jdk-23\bin\java.dll
Event: 0.042 Loaded shared library C:\Program Files\Java\jdk-23\bin\jsvml.dll
Event: 0.162 Loaded shared library C:\Program Files\Java\jdk-23\bin\zip.dll
Event: 0.166 Loaded shared library C:\Program Files\Java\jdk-23\bin\instrument.dll
Event: 0.170 Loaded shared library C:\Program Files\Java\jdk-23\bin\net.dll
Event: 0.171 Loaded shared library C:\Program Files\Java\jdk-23\bin\nio.dll
Event: 0.174 Loaded shared library C:\Program Files\Java\jdk-23\bin\zip.dll
Event: 0.321 Loaded shared library C:\Program Files\JetBrains\IntelliJ IDEA Community Edition 2023.2.3\bin\breakgen64.dll
Event: 0.332 Loaded shared library C:\Program Files\Java\jdk-23\bin\extnet.dll
Event: 0.376 Loaded shared library C:\Program Files\Java\jdk-23\bin\verify.dll
Event: 0.387 Loaded shared library C:\Program Files\Java\jdk-23\bin\jimage.dll
Event: 0.720 Loaded shared library C:\Program Files\Java\jdk-23\bin\management.dll
Event: 0.725 Loaded shared library C:\Program Files\Java\jdk-23\bin\management_ext.dll
Event: 1.855 Loaded shared library C:\Program Files\Java\jdk-23\bin\sunmscapi.dll

Deoptimization events (20 events):
Event: 8.629 Thread 0x000001dfc67389d0 DEOPT PACKING pc=0x000001dfda1774e7 sp=0x0000001cba8fa520
Event: 8.629 Thread 0x000001dfc67389d0 DEOPT UNPACKING pc=0x000001dfe0ba84c2 sp=0x0000001cba8f99c0 mode 0
Event: 8.651 Thread 0x000001dfc67389d0 DEOPT PACKING pc=0x000001dfda175839 sp=0x0000001cba8fa980
Event: 8.651 Thread 0x000001dfc67389d0 DEOPT UNPACKING pc=0x000001dfe0ba84c2 sp=0x0000001cba8f9eb8 mode 0
Event: 8.671 Thread 0x000001dfc67389d0 DEOPT PACKING pc=0x000001dfda175839 sp=0x0000001cba8fa980
Event: 8.671 Thread 0x000001dfc67389d0 DEOPT UNPACKING pc=0x000001dfe0ba84c2 sp=0x0000001cba8f9eb8 mode 0
Event: 8.689 Thread 0x000001dfc67389d0 Uncommon trap: trap_request=0xffffff45 fr.pc=0x000001dfe14d016c relative=0x00000000000021ac
Event: 8.689 Thread 0x000001dfc67389d0 Uncommon trap: reason=unstable_if action=reinterpret pc=0x000001dfe14d016c method=java.util.HashMap.getNode(Ljava/lang/Object;)Ljava/util/HashMap$Node; @ 131 c2
Event: 8.689 Thread 0x000001dfc67389d0 DEOPT PACKING pc=0x000001dfe14d016c sp=0x0000001cba8f87d0
Event: 8.689 Thread 0x000001dfc67389d0 DEOPT UNPACKING pc=0x000001dfe0ba7982 sp=0x0000001cba8f86a8 mode 2
Event: 8.758 Thread 0x000001dfc67389d0 DEOPT PACKING pc=0x000001dfda17df47 sp=0x0000001cba8faa10
Event: 8.758 Thread 0x000001dfc67389d0 DEOPT UNPACKING pc=0x000001dfe0ba84c2 sp=0x0000001cba8f9fc8 mode 0
Event: 8.803 Thread 0x000001dfc67389d0 Uncommon trap: trap_request=0xffffffc6 fr.pc=0x000001dfe12b11bc relative=0x000000000000111c
Event: 8.803 Thread 0x000001dfc67389d0 Uncommon trap: reason=bimorphic_or_optimized_type_check action=maybe_recompile pc=0x000001dfe12b11bc method=org.antlr.v4.runtime.atn.PredictionContext.mergeSingletons(Lorg/antlr/v4/runtime/atn/SingletonPredictionContext;Lorg/antlr/v4/runtime/atn/Singleton
Event: 8.803 Thread 0x000001dfc67389d0 DEOPT PACKING pc=0x000001dfe12b11bc sp=0x0000001cba8f98a0
Event: 8.803 Thread 0x000001dfc67389d0 DEOPT UNPACKING pc=0x000001dfe0ba7982 sp=0x0000001cba8f9840 mode 2
Event: 8.803 Thread 0x000001dfc67389d0 Uncommon trap: trap_request=0xffffff45 fr.pc=0x000001dfe12b0acc relative=0x0000000000000a2c
Event: 8.803 Thread 0x000001dfc67389d0 Uncommon trap: reason=unstable_if action=reinterpret pc=0x000001dfe12b0acc method=org.antlr.v4.runtime.atn.EmptyPredictionContext.equals(Ljava/lang/Object;)Z @ 2 c2
Event: 8.803 Thread 0x000001dfc67389d0 DEOPT PACKING pc=0x000001dfe12b0acc sp=0x0000001cba8f9550
Event: 8.803 Thread 0x000001dfc67389d0 DEOPT UNPACKING pc=0x000001dfe0ba7982 sp=0x0000001cba8f9488 mode 2

Classes loaded (20 events):
Event: 7.863 Loading class java/util/stream/ReduceOps$5
Event: 7.864 Loading class java/util/stream/ReduceOps$5 done
Event: 7.864 Loading class java/util/stream/ReduceOps$CountingSink$OfRef
Event: 7.864 Loading class java/util/stream/ReduceOps$CountingSink
Event: 7.864 Loading class java/util/stream/ReduceOps$CountingSink done
Event: 7.864 Loading class java/util/stream/ReduceOps$CountingSink$OfRef done
Event: 7.926 Loading class java/lang/invoke/WrongMethodTypeException
Event: 7.926 Loading class java/lang/invoke/WrongMethodTypeException done
Event: 7.941 Loading class java/lang/Character$UnicodeBlock
Event: 7.942 Loading class java/lang/Character$Subset
Event: 7.942 Loading class java/lang/Character$Subset done
Event: 7.943 Loading class java/lang/Character$UnicodeBlock done
Event: 7.978 Loading class java/util/regex/Pattern$Bound
Event: 7.979 Loading class java/util/regex/Pattern$Bound done
Event: 7.979 Loading class java/util/regex/Pattern$Behind
Event: 7.979 Loading class java/util/regex/Pattern$Behind done
Event: 8.027 Loading class java/util/EmptyStackException
Event: 8.027 Loading class java/util/EmptyStackException done
Event: 8.108 Loading class java/io/InvalidClassException
Event: 8.108 Loading class java/io/InvalidClassException done

Classes unloaded (0 events):
No events

Classes redefined (0 events):
No events

Internal exceptions (20 events):
Event: 7.166 Thread 0x000001dfc67389d0 Exception <a 'java/lang/NoSuchMethodError'{0x00000007116eeee0}: 'void java.lang.invoke.DirectMethodHandle$Holder.invokeSpecial(java.lang.Object, java.lang.Object, int, java.lang.Object)'> (0x00000007116eeee0) 
thrown [s\open\src\hotspot\share\interpreter\linkResolver.cpp, line 796]
Event: 7.167 Thread 0x000001dfc67389d0 Exception <a 'java/lang/NoSuchMethodError'{0x00000007116f5380}: 'java.lang.Object java.lang.invoke.DirectMethodHandle$Holder.newInvokeSpecial(java.lang.Object, java.lang.Object, int)'> (0x00000007116f5380) 
thrown [s\open\src\hotspot\share\interpreter\linkResolver.cpp, line 796]
Event: 7.167 Thread 0x000001dfc67389d0 Exception <a 'java/lang/IncompatibleClassChangeError'{0x00000007116f8c18}: Found class java.lang.Object, but interface was expected> (0x00000007116f8c18) 
thrown [s\open\src\hotspot\share\interpreter\linkResolver.cpp, line 863]
Event: 7.186 Thread 0x000001dfc67389d0 Exception <a 'java/lang/NoSuchMethodError'{0x0000000711437c68}: 'int java.lang.invoke.DirectMethodHandle$Holder.invokeSpecial(java.lang.Object, java.lang.Object, int, java.lang.Object)'> (0x0000000711437c68) 
thrown [s\open\src\hotspot\share\interpreter\linkResolver.cpp, line 796]
Event: 7.188 Thread 0x000001dfc67389d0 Exception <a 'java/lang/NoSuchMethodError'{0x0000000711455670}: 'java.lang.Object java.lang.invoke.DirectMethodHandle$Holder.newInvokeSpecial(java.lang.Object, java.lang.Object, java.lang.Object, java.lang.Object, java.lang.Object, int, java.lang.Object)'> (0x0000000711455670) 
thrown [s\open\src\hotspot\share\interpreter\linkResolver.cpp, line 796]
Event: 7.190 Thread 0x000001dfc67389d0 Exception <a 'java/lang/NoSuchMethodError'{0x000000071148d620}: 'java.lang.Object java.lang.invoke.Invokers$Holder.linkToTargetMethod(java.lang.Object, java.lang.Object, java.lang.Object, java.lang.Object, java.lang.Object, java.lang.Object, java.lang.Object, java.lang.Object, java.lang.Object, java.lang.Object, java.lang.Object, java.lang.Object)'> (0x000000071148d620) 
thrown [s\open\src\hotspot\share\interpreter\linkResolver.cpp, line 796]
Event: 7.219 Thread 0x000001dfc67389d0 Exception <a 'java/lang/IncompatibleClassChangeError'{0x0000000711274ec0}: Found class java.lang.Object, but interface was expected> (0x0000000711274ec0) 
thrown [s\open\src\hotspot\share\interpreter\linkResolver.cpp, line 863]
Event: 7.226 Thread 0x000001dfc67389d0 Exception <a 'java/lang/NoSuchMethodError'{0x00000007112e8288}: 'java.lang.Object java.lang.invoke.DirectMethodHandle$Holder.newInvokeSpecial(java.lang.Object, java.lang.Object, int, java.lang.Object, int, java.lang.Object, java.lang.Object)'> (0x00000007112e8288) 
thrown [s\open\src\hotspot\share\interpreter\linkResolver.cpp, line 796]
Event: 7.230 Thread 0x000001dfc67389d0 Exception <a 'java/lang/NoSuchMethodError'{0x000000071132e7c0}: 'java.lang.Object java.lang.invoke.DirectMethodHandle$Holder.newInvokeSpecial(java.lang.Object, java.lang.Object, java.lang.Object, java.lang.Object, java.lang.Object, java.lang.Object, java.lang.Object, int)'> (0x000000071132e7c0) 
thrown [s\open\src\hotspot\share\interpreter\linkResolver.cpp, line 796]
Event: 7.230 Thread 0x000001dfc67389d0 Exception <a 'java/lang/NoSuchMethodError'{0x0000000711332d40}: 'java.lang.Object java.lang.invoke.DirectMethodHandle$Holder.invokeSpecial(java.lang.Object, java.lang.Object, java.lang.Object, java.lang.Object, java.lang.Object, java.lang.Object, java.lang.Object, java.lang.Object, int)'> (0x0000000711332d40) 
thrown [s\open\src\hotspot\share\interpreter\linkResolver.cpp, line 796]
Event: 7.230 Thread 0x000001dfc67389d0 Exception <a 'java/lang/NoSuchMethodError'{0x0000000711336d28}: 'java.lang.Object java.lang.invoke.Invokers$Holder.linkToTargetMethod(java.lang.Object, java.lang.Object, java.lang.Object, java.lang.Object, java.lang.Object, java.lang.Object, int, java.lang.Object)'> (0x0000000711336d28) 
thrown [s\open\src\hotspot\share\interpreter\linkResolver.cpp, line 796]
Event: 7.530 Thread 0x000001dfc67389d0 Exception <a 'java/lang/NoSuchMethodError'{0x000000070940a5d8}: 'java.lang.Object java.lang.invoke.DirectMethodHandle$Holder.invokeSpecial(java.lang.Object, java.lang.Object, int, java.lang.Object, int)'> (0x000000070940a5d8) 
thrown [s\open\src\hotspot\share\interpreter\linkResolver.cpp, line 796]
Event: 7.642 Thread 0x000001dfc67389d0 Implicit null exception at 0x000001dfe1126cf3 to 0x000001dfe1126f5c
Event: 7.686 Thread 0x000001dfc67389d0 Implicit null exception at 0x000001dfe130f010 to 0x000001dfe1310e90
Event: 7.690 Thread 0x000001dfc67389d0 Exception <a 'java/lang/IncompatibleClassChangeError'{0x0000000711475090}: Found class java.lang.Object, but interface was expected> (0x0000000711475090) 
thrown [s\open\src\hotspot\share\interpreter\linkResolver.cpp, line 863]
Event: 7.724 Thread 0x000001dfc67389d0 Exception <a 'java/lang/IncompatibleClassChangeError'{0x0000000711258ce8}: Found class java.lang.Object, but interface was expected> (0x0000000711258ce8) 
thrown [s\open\src\hotspot\share\interpreter\linkResolver.cpp, line 863]
Event: 7.837 Thread 0x000001dfc67389d0 Exception <a 'java/lang/IncompatibleClassChangeError'{0x000000070941c798}: Found class java.lang.Object, but interface was expected> (0x000000070941c798) 
thrown [s\open\src\hotspot\share\interpreter\linkResolver.cpp, line 863]
Event: 7.953 Thread 0x000001dfc67389d0 Exception <a 'java/lang/IncompatibleClassChangeError'{0x000000071556aa38}: Found class java.lang.Object, but interface was expected> (0x000000071556aa38) 
thrown [s\open\src\hotspot\share\interpreter\linkResolver.cpp, line 863]
Event: 7.953 Thread 0x000001dfc67389d0 Exception <a 'java/lang/IncompatibleClassChangeError'{0x0000000715570090}: Found class java.lang.Object, but interface was expected> (0x0000000715570090) 
thrown [s\open\src\hotspot\share\interpreter\linkResolver.cpp, line 863]
Event: 7.991 Thread 0x000001dfc67389d0 Exception <a 'java/lang/NoSuchMethodError'{0x0000000711706548}: 'java.lang.Object java.lang.invoke.DirectMethodHandle$Holder.invokeStatic(java.lang.Object, int, java.lang.Object)'> (0x0000000711706548) 
thrown [s\open\src\hotspot\share\interpreter\linkResolver.cpp, line 796]

VM Operations (20 events):
Event: 8.405 Executing VM operation: G1PauseCleanup done
Event: 8.524 Executing VM operation: HandshakeAllThreads (Deoptimize)
Event: 8.524 Executing VM operation: HandshakeAllThreads (Deoptimize) done
Event: 8.557 Executing VM operation: G1CollectForAllocation (G1 Evacuation Pause)
Event: 8.560 Executing VM operation: G1CollectForAllocation (G1 Evacuation Pause) done
Event: 8.585 Executing VM operation: G1CollectForAllocation (G1 Evacuation Pause)
Event: 8.590 Executing VM operation: G1CollectForAllocation (G1 Evacuation Pause) done
Event: 8.637 Executing VM operation: G1CollectForAllocation (G1 Evacuation Pause)
Event: 8.644 Executing VM operation: G1CollectForAllocation (G1 Evacuation Pause) done
Event: 8.674 Executing VM operation: G1CollectForAllocation (G1 Evacuation Pause)
Event: 8.682 Executing VM operation: G1CollectForAllocation (G1 Evacuation Pause) done
Event: 8.721 Executing VM operation: G1PauseRemark
Event: 8.723 Executing VM operation: G1PauseRemark done
Event: 8.724 Executing VM operation: G1CollectForAllocation (G1 Evacuation Pause)
Event: 8.731 Executing VM operation: G1CollectForAllocation (G1 Evacuation Pause) done
Event: 8.742 Executing VM operation: G1PauseCleanup
Event: 8.743 Executing VM operation: G1PauseCleanup done
Event: 8.779 Executing VM operation: G1CollectForAllocation (G1 Evacuation Pause)
Event: 8.784 Executing VM operation: G1CollectForAllocation (G1 Evacuation Pause) done
Event: 8.811 Executing VM operation: G1CollectForAllocation (G1 Evacuation Pause)

Memory protections (0 events):
No events

Nmethod flushes (20 events):
Event: 8.722 Thread 0x000001dfc100af50 flushing  nmethod 0x000001dfd9c68f08
Event: 8.722 Thread 0x000001dfc100af50 flushing  nmethod 0x000001dfd9c69288
Event: 8.722 Thread 0x000001dfc100af50 flushing  nmethod 0x000001dfd9cd8b88
Event: 8.722 Thread 0x000001dfc100af50 flushing  nmethod 0x000001dfda168a08
Event: 8.722 Thread 0x000001dfc100af50 flushing osr nmethod 0x000001dfda16ab08
Event: 8.722 Thread 0x000001dfc100af50 flushing osr nmethod 0x000001dfda16bd88
Event: 8.722 Thread 0x000001dfc100af50 flushing  nmethod 0x000001dfda16cc08
Event: 8.723 Thread 0x000001dfc100af50 flushing osr nmethod 0x000001dfda173588
Event: 8.723 Thread 0x000001dfc100af50 flushing  nmethod 0x000001dfe14b1708
Event: 8.723 Thread 0x000001dfc100af50 flushing  nmethod 0x000001dfd971cb88
Event: 8.723 Thread 0x000001dfc100af50 flushing  nmethod 0x000001dfd9861408
Event: 8.723 Thread 0x000001dfc100af50 flushing  nmethod 0x000001dfd9865208
Event: 8.723 Thread 0x000001dfc100af50 flushing  nmethod 0x000001dfd9892c88
Event: 8.723 Thread 0x000001dfc100af50 flushing  nmethod 0x000001dfd9893108
Event: 8.723 Thread 0x000001dfc100af50 flushing  nmethod 0x000001dfd9978188
Event: 8.723 Thread 0x000001dfc100af50 flushing  nmethod 0x000001dfd99c6588
Event: 8.723 Thread 0x000001dfc100af50 flushing  nmethod 0x000001dfd9cf1508
Event: 8.723 Thread 0x000001dfc100af50 flushing  nmethod 0x000001dfd9e8ba08
Event: 8.723 Thread 0x000001dfc100af50 flushing  nmethod 0x000001dfd9eec288
Event: 8.723 Thread 0x000001dfc100af50 flushing  nmethod 0x000001dfda08c388

Events (20 events):
Event: 0.040 Thread 0x000001dfceae07d0 Thread added: 0x000001dfc102eb70
Event: 0.040 Thread 0x000001dfceae07d0 Thread added: 0x000001dfc1071870
Event: 0.040 Thread 0x000001dfceae07d0 Thread added: 0x000001dfc1072320
Event: 0.148 Thread 0x000001dfceae07d0 Thread added: 0x000001dfc1147cd0
Event: 0.189 Thread 0x000001dfc1071870 Thread added: 0x000001dfc1364e90
Event: 0.322 Thread 0x000001dfceae07d0 Thread added: 0x000001dfc154a170
Event: 0.322 Thread 0x000001dfceae07d0 Thread added: 0x000001dfc154a7e0
Event: 0.801 Thread 0x000001dfc1072320 Thread added: 0x000001dfc677fa20
Event: 0.809 Thread 0x000001dfceae07d0 Thread added: 0x000001dfc66f4dc0
Event: 0.816 Thread 0x000001dfc66f4dc0 Thread added: 0x000001dfc67389d0
Event: 1.196 Thread 0x000001dfc67389d0 Thread added: 0x000001dfc65b5e20
Event: 1.861 Thread 0x000001dfc65b5e20 Thread exited: 0x000001dfc65b5e20
Event: 1.907 Thread 0x000001dfc67389d0 Thread added: 0x000001dfc80827b0
Event: 2.019 Thread 0x000001dfc80827b0 Thread exited: 0x000001dfc80827b0
Event: 5.011 Thread 0x000001dfc67389d0 Thread added: 0x000001dfc925dfb0
Event: 5.012 Thread 0x000001dfc925dfb0 Thread added: 0x000001dfc925d290
Event: 5.017 Thread 0x000001dfc67389d0 Thread added: 0x000001dfc925c570
Event: 5.063 Thread 0x000001dfc67389d0 Thread added: 0x000001dfc925e640
Event: 6.031 Thread 0x000001dfc67389d0 Thread added: 0x000001dfca267ce0
Event: 6.137 Thread 0x000001dfca267ce0 Thread added: 0x000001dfca268370


Dynamic libraries:
0x00007ff79cea0000 - 0x00007ff79ceb0000 	C:\Program Files\Java\jdk-23\bin\java.exe
0x00007ffe501a0000 - 0x00007ffe50409000 	C:\WINDOWS\SYSTEM32\ntdll.dll
0x00007ffe4ea30000 - 0x00007ffe4eaf9000 	C:\WINDOWS\System32\KERNEL32.DLL
0x00007ffe4d950000 - 0x00007ffe4dd43000 	C:\WINDOWS\System32\KERNELBASE.dll
0x00007ffe4d800000 - 0x00007ffe4d94b000 	C:\WINDOWS\System32\ucrtbase.dll
0x00007ffe40400000 - 0x00007ffe40417000 	C:\Program Files\Java\jdk-23\bin\jli.dll
0x00007ffe3fdc0000 - 0x00007ffe3fddb000 	C:\Program Files\Java\jdk-23\bin\VCRUNTIME140.dll
0x00007ffe4e7f0000 - 0x00007ffe4e9b4000 	C:\WINDOWS\System32\USER32.dll
0x00007ffe4d7d0000 - 0x00007ffe4d7f7000 	C:\WINDOWS\System32\win32u.dll
0x00007ffe2aa20000 - 0x00007ffe2acb3000 	C:\WINDOWS\WinSxS\amd64_microsoft.windows.common-controls_6595b64144ccf1df_6.0.26100.5074_none_3e0d6f78e32fd63f\COMCTL32.dll
0x00007ffe50130000 - 0x00007ffe5015b000 	C:\WINDOWS\System32\GDI32.dll
0x00007ffe4eb00000 - 0x00007ffe4eba9000 	C:\WINDOWS\System32\msvcrt.dll
0x00007ffe4d4a0000 - 0x00007ffe4d5cd000 	C:\WINDOWS\System32\gdi32full.dll
0x00007ffe4d5d0000 - 0x00007ffe4d673000 	C:\WINDOWS\System32\msvcp_win.dll
0x00007ffe4e1d0000 - 0x00007ffe4e1ff000 	C:\WINDOWS\System32\IMM32.DLL
0x00007ffe3fc40000 - 0x00007ffe3fc4c000 	C:\Program Files\Java\jdk-23\bin\vcruntime140_1.dll
0x00007ffde9a50000 - 0x00007ffde9ade000 	C:\Program Files\Java\jdk-23\bin\msvcp140.dll
0x00007ffdad780000 - 0x00007ffdae4d0000 	C:\Program Files\Java\jdk-23\bin\server\jvm.dll
0x00007ffe4f7a0000 - 0x00007ffe4f854000 	C:\WINDOWS\System32\ADVAPI32.dll
0x00007ffe4e740000 - 0x00007ffe4e7e6000 	C:\WINDOWS\System32\sechost.dll
0x00007ffe50010000 - 0x00007ffe50128000 	C:\WINDOWS\System32\RPCRT4.dll
0x00007ffe4e6c0000 - 0x00007ffe4e734000 	C:\WINDOWS\System32\WS2_32.dll
0x00007ffe4cc40000 - 0x00007ffe4cc9e000 	C:\WINDOWS\SYSTEM32\POWRPROF.dll
0x00007ffe45980000 - 0x00007ffe4598b000 	C:\WINDOWS\SYSTEM32\VERSION.dll
0x00007ffe3a780000 - 0x00007ffe3a7b5000 	C:\WINDOWS\SYSTEM32\WINMM.dll
0x00007ffe4cc20000 - 0x00007ffe4cc34000 	C:\WINDOWS\SYSTEM32\UMPDC.dll
0x00007ffe4c0e0000 - 0x00007ffe4c0fb000 	C:\WINDOWS\SYSTEM32\kernel.appcore.dll
0x00007ffe3fc30000 - 0x00007ffe3fc3a000 	C:\Program Files\Java\jdk-23\bin\jimage.dll
0x00007ffe4aa90000 - 0x00007ffe4acd2000 	C:\WINDOWS\SYSTEM32\DBGHELP.DLL
0x00007ffe4e210000 - 0x00007ffe4e58b000 	C:\WINDOWS\System32\combase.dll
0x00007ffe4f870000 - 0x00007ffe4f947000 	C:\WINDOWS\System32\OLEAUT32.dll
0x00007ffe263f0000 - 0x00007ffe2642d000 	C:\WINDOWS\SYSTEM32\dbgcore.DLL
0x00007ffe4ded0000 - 0x00007ffe4df69000 	C:\WINDOWS\System32\bcryptPrimitives.dll
0x00007ffe298f0000 - 0x00007ffe298ff000 	C:\Program Files\Java\jdk-23\bin\instrument.dll
0x00007ffe3fa10000 - 0x00007ffe3fa2e000 	C:\Program Files\Java\jdk-23\bin\java.dll
0x00007ffe4f320000 - 0x00007ffe4f4b8000 	C:\WINDOWS\System32\ole32.dll
0x00007ffe4ebd0000 - 0x00007ffe4f31d000 	C:\WINDOWS\System32\SHELL32.dll
0x00007ffe4d330000 - 0x00007ffe4d49c000 	C:\WINDOWS\System32\wintypes.dll
0x00007ffe4af70000 - 0x00007ffe4b7c9000 	C:\WINDOWS\SYSTEM32\windows.storage.dll
0x00007ffe4fe80000 - 0x00007ffe4ff70000 	C:\WINDOWS\System32\SHCORE.dll
0x00007ffe4e9c0000 - 0x00007ffe4ea22000 	C:\WINDOWS\System32\shlwapi.dll
0x00007ffe4d250000 - 0x00007ffe4d279000 	C:\WINDOWS\SYSTEM32\profapi.dll
0x00007ffde27b0000 - 0x00007ffde2887000 	C:\Program Files\Java\jdk-23\bin\jsvml.dll
0x00007ffe20aa0000 - 0x00007ffe20ab7000 	C:\Program Files\Java\jdk-23\bin\zip.dll
0x00007ffe3fc20000 - 0x00007ffe3fc30000 	C:\Program Files\Java\jdk-23\bin\net.dll
0x00007ffe4c690000 - 0x00007ffe4c6fb000 	C:\WINDOWS\system32\mswsock.dll
0x00007ffe36ca0000 - 0x00007ffe36cb6000 	C:\Program Files\Java\jdk-23\bin\nio.dll
0x00007ffe16410000 - 0x00007ffe1642a000 	C:\Program Files\JetBrains\IntelliJ IDEA Community Edition 2023.2.3\bin\breakgen64.dll
0x00007ffe36b30000 - 0x00007ffe36b39000 	C:\Program Files\Java\jdk-23\bin\extnet.dll
0x00007ffe36ab0000 - 0x00007ffe36ac0000 	C:\Program Files\Java\jdk-23\bin\verify.dll
0x00007ffe25590000 - 0x00007ffe2559a000 	C:\Program Files\Java\jdk-23\bin\management.dll
0x00007ffe215a0000 - 0x00007ffe215ab000 	C:\Program Files\Java\jdk-23\bin\management_ext.dll
0x00007ffe4ebc0000 - 0x00007ffe4ebc8000 	C:\WINDOWS\System32\PSAPI.DLL
0x00007ffe1c5e0000 - 0x00007ffe1c5ee000 	C:\Program Files\Java\jdk-23\bin\sunmscapi.dll
0x00007ffe4dd50000 - 0x00007ffe4dec7000 	C:\WINDOWS\System32\CRYPT32.dll
0x00007ffe4cbe0000 - 0x00007ffe4cc10000 	C:\WINDOWS\SYSTEM32\ncrypt.dll
0x00007ffe4cb90000 - 0x00007ffe4cbcf000 	C:\WINDOWS\SYSTEM32\NTASN1.dll
0x00007ffe4c940000 - 0x00007ffe4c95b000 	C:\WINDOWS\SYSTEM32\CRYPTSP.dll
0x00007ffe4c040000 - 0x00007ffe4c07b000 	C:\WINDOWS\system32\rsaenh.dll
0x00007ffe4c730000 - 0x00007ffe4c75b000 	C:\WINDOWS\SYSTEM32\USERENV.dll
0x00007ffe4d220000 - 0x00007ffe4d246000 	C:\WINDOWS\SYSTEM32\bcrypt.dll
0x00007ffe4c930000 - 0x00007ffe4c93c000 	C:\WINDOWS\SYSTEM32\CRYPTBASE.dll
0x00007ffe4bad0000 - 0x00007ffe4bb04000 	C:\WINDOWS\SYSTEM32\IPHLPAPI.DLL
0x00007ffe4e590000 - 0x00007ffe4e59a000 	C:\WINDOWS\System32\NSI.dll
0x00007ffe4bb60000 - 0x00007ffe4bc86000 	C:\WINDOWS\SYSTEM32\DNSAPI.dll
0x00007ffe465b0000 - 0x00007ffe465bb000 	C:\Windows\System32\rasadhlp.dll
0x00007ffe45040000 - 0x00007ffe450c6000 	C:\WINDOWS\System32\fwpuclnt.dll

dbghelp: loaded successfully - version: 4.0.5 - missing functions: none
symbol engine: initialized successfully - sym options: 0x614 - pdb path: .;C:\Program Files\Java\jdk-23\bin;C:\WINDOWS\SYSTEM32;C:\WINDOWS\WinSxS\amd64_microsoft.windows.common-controls_6595b64144ccf1df_6.0.26100.5074_none_3e0d6f78e32fd63f;C:\Program Files\Java\jdk-23\bin\server;C:\Program Files\JetBrains\IntelliJ IDEA Community Edition 2023.2.3\bin

VM Arguments:
jvm_args: -javaagent:C:\Program Files\JetBrains\IntelliJ IDEA Community Edition 2023.2.3\lib\idea_rt.jar=50726:C:\Program Files\JetBrains\IntelliJ IDEA Community Edition 2023.2.3\bin -Dfile.encoding=UTF-8 -Dsun.stdout.encoding=UTF-8 -Dsun.stderr.encoding=UTF-8 
java_command: com.example.marketplace.MarketplaceApplication
java_class_path (initial): C:\Users\ADMIN\marketplace\target\classes;C:\Users\ADMIN\.m2\repository\org\springframework\boot\spring-boot-starter-data-jpa\3.5.6\spring-boot-starter-data-jpa-3.5.6.jar;C:\Users\ADMIN\.m2\repository\org\springframework\boot\spring-boot-starter\3.5.6\spring-boot-starter-3.5.6.jar;C:\Users\ADMIN\.m2\repository\org\springframework\boot\spring-boot-starter-logging\3.5.6\spring-boot-starter-logging-3.5.6.jar;C:\Users\ADMIN\.m2\repository\org\apache\logging\log4j\log4j-to-slf4j\2.24.3\log4j-to-slf4j-2.24.3.jar;C:\Users\ADMIN\.m2\repository\org\apache\logging\log4j\log4j-api\2.24.3\log4j-api-2.24.3.jar;C:\Users\ADMIN\.m2\repository\org\slf4j\jul-to-slf4j\2.0.17\jul-to-slf4j-2.0.17.jar;C:\Users\ADMIN\.m2\repository\jakarta\annotation\jakarta.annotation-api\2.1.1\jakarta.annotation-api-2.1.1.jar;C:\Users\ADMIN\.m2\repository\org\yaml\snakeyaml\2.4\snakeyaml-2.4.jar;C:\Users\ADMIN\.m2\repository\org\springframework\boot\spring-boot-starter-jdbc\3.5.6\spring-boot-starter-jdbc-3.5.6.jar;C:\Users\ADMIN\.m2\repository\com\zaxxer\HikariCP\6.3.3\HikariCP-6.3.3.jar;C:\Users\ADMIN\.m2\repository\org\springframework\spring-jdbc\6.2.11\spring-jdbc-6.2.11.jar;C:\Users\ADMIN\.m2\repository\org\hibernate\orm\hibernate-core\6.6.29.Final\hibernate-core-6.6.29.Final.jar;C:\Users\ADMIN\.m2\repository\jakarta\persistence\jakarta.persistence-api\3.1.0\jakarta.persistence-api-3.1.0.jar;C:\Users\ADMIN\.m2\repository\jakarta\transaction\jakarta.transaction-api\2.0.1\jakarta.transaction-api-2.0.1.jar;C:\Users\ADMIN\.m2\repository\org\jboss\logging\jboss-logging\3.6.1.Final\jboss-logging-3.6.1.Final.jar;C:\Users\ADMIN\.m2\repository\org\hibernate\common\hibernate-commons-annotations\7.0.3.Final\hibernate-commons-annotations-7.0.3.Final.jar;C:\Users\ADMIN\.m2\repository\io\smallrye\jandex\3.2.0\jandex-3.2.0.jar;C:\Users\ADMIN\.m2\repository\com\fasterxml\classmate\1.7.0\classmate-1.7.0.jar;C:\Users\ADMIN\.m2\repository\net\bytebuddy\byte-buddy\1.17.7\byte-buddy-1.17.7.jar;C:\Users\ADMIN\.m2\repository\org\glassfish\jaxb\jaxb-runtime\4.0.5\jaxb-runtime-4.0.5.jar;C:\Users\ADMIN\.m2\repository\org\glassfish\jaxb\jaxb-core\4.0.5\jaxb-core-4.0.5.jar;C:\Users\ADMIN\.m2\repository\org\glassfish\jaxb\txw2\4.0.5\txw2-4.0.5.jar;C:\Users\ADMIN\.m2\repository\com\sun\istack\istack-commons-runtime\4.1.2\istack-commons-runtime-4.1.2.jar;C:\Users\ADMIN\.m2\repository\jakarta\inject\jakarta.inject-api\2.0.1\jakarta.inject-api-2.0.1.jar;C:\Users\ADMIN\.m2\repository\org\antlr\antlr4-runtime\4.13.0\antlr4-runtime-4.13.0.jar;C:\Users\ADMIN\.m2\repository\org\springframework\data\spring-data-jpa\3.5.4\spring-data-jpa-3.5.4.jar;C:\Users\ADMIN\.m2\repository\org\springframework\data\spring-data-commons\3.5.4\spring-data-commons-3.5.4.jar;C:\Users\ADMIN\.m2\repository\org\springframework\spring-orm\6.2.11\spring-orm-6.2.11.jar;C:\Users\ADMIN\.m2\repository\org\springframework\spring-beans\6.2.11\spring-beans-6.2.11.jar;C:\Users\ADMIN\.m2\repository\org\slf4j\slf4j-api\2.0.17\slf4j-api-2.0.17.jar;C:\Users\ADMIN\.m2\repository\org\springframework\spring-aspects\6.2.11\spring-aspects-6.2.11.jar;C:\Users\ADMIN\.m2\repository\org\aspectj\aspectjweaver\1.9.24\aspectjweaver-1.9.24.jar;C:\Users\ADMIN\.m2\repository\org\springframework\boot\spring-boot-starter-data-redis\3.5.6\spring-boot-starter-data-redis-3.5.6.jar;C:\Users\ADMIN\.m2\repository\io\lettuce\lettuce-core\6.6.0.RELEASE\lettuce-core-6.6.0.RELEASE.jar;C:\Users\ADMIN\.m2\repository\redis\clients\authentication\redis-authx-core\0.1.1-beta2\redis-authx-core-0.1.1-beta2.jar;C:\Users\ADMIN\.m2\repository\io\netty\netty-common\4.1.127.Final\netty-common-4.1.127.Final.jar;C:\Users\ADMIN\.m2\repository\io\netty\netty-handler\4.1.127.Final\netty-handler-4.1.127.Final.jar;C:\Users\ADMIN\.m2\repository\io\netty\netty-resolver\4.1.127.Final\netty-resolver-4.1.127.Final.jar;C:\Users\ADMIN\.m2\repository\io\netty\netty-buffer\4.1.127.Final\netty-buffer-4.1.127.Final.jar;C:\Users\ADMIN\.m2\repository\io\netty\netty-transport-native-unix-common\4.1.127.Final\netty-transport-native-unix-common-4.1.127.Final.jar;C:\Users\ADMIN\.m2\repository\io\netty\netty-codec\4.1.127.Final\netty-codec-4.1.127.Final.jar;C:\Users\ADMIN\.m2\repository\io\netty\netty-transport\4.1.127.Final\netty-transport-4.1.127.Final.jar;C:\Users\ADMIN\.m2\repository\io\projectreactor\reactor-core\3.7.11\reactor-core-3.7.11.jar;C:\Users\ADMIN\.m2\repository\org\reactivestreams\reactive-streams\1.0.4\reactive-streams-1.0.4.jar;C:\Users\ADMIN\.m2\repository\org\springframework\data\spring-data-redis\3.5.4\spring-data-redis-3.5.4.jar;C:\Users\ADMIN\.m2\repository\org\springframework\data\spring-data-keyvalue\3.5.4\spring-data-keyvalue-3.5.4.jar;C:\Users\ADMIN\.m2\repository\org\springframework\spring-oxm\6.2.11\spring-oxm-6.2.11.jar;C:\Users\ADMIN\.m2\repository\io\minio\minio\8.5.12\minio-8.5.12.jar;C:\Users\ADMIN\.m2\repository\com\carrotsearch\thirdparty\simple-xml-safe\2.7.1\simple-xml-safe-2.7.1.jar;C:\Users\ADMIN\.m2\repository\com\google\guava\guava\33.0.0-jre\guava-33.0.0-jre.jar;C:\Users\ADMIN\.m2\repository\com\google\guava\failureaccess\1.0.2\failureaccess-1.0.2.jar;C:\Users\ADMIN\.m2\repository\com\google\guava\listenablefuture\9999.0-empty-to-avoid-conflict-with-guava\listenablefuture-9999.0-empty-to-avoid-conflict-with-guava.jar;C:\Users\ADMIN\.m2\repository\com\google\code\findbugs\jsr305\3.0.2\jsr305-3.0.2.jar;C:\Users\ADMIN\.m2\repository\org\checkerframework\checker-qual\3.41.0\checker-qual-3.41.0.jar;C:\Users\ADMIN\.m2\repository\com\google\errorprone\error_prone_annotations\2.23.0\error_prone_annotations-2.23.0.jar;C:\Users\ADMIN\.m2\repository\com\google\j2objc\j2objc-annotations\2.8\j2objc-annotations-2.8.jar;C:\Users\ADMIN\.m2\repository\com\squareup\okhttp3\okhttp\4.12.0\okhttp-4.12.0.jar;C:\Users\ADMIN\.m2\repository\com\squareup\okio\okio\3.6.0\okio-3.6.0.jar;C:\Users\ADMIN\.m2\repository\com\squareup\okio\okio-jvm\3.6.0\okio-jvm-3.6.0.jar;C:\Users\ADMIN\.m2\repository\org\jetbrains\kotlin\kotlin-stdlib-common\1.9.25\kotlin-stdlib-common-1.9.25.jar;C:\Users\ADMIN\.m2\repository\org\jetbrains\kotlin\kotlin-stdlib-jdk8\1.9.25\kotlin-stdlib-jdk8-1.9.25.jar;C:\Users\ADMIN\.m2\repository\org\jetbrains\kotlin\kotlin-stdlib\1.9.25\kotlin-stdlib-1.9.25.jar;C:\Users\ADMIN\.m2\repository\org\jetbrains\kotlin\kotlin-stdlib-jdk7\1.9.25\kotlin-stdlib-jdk7-1.9.25.jar;C:\Users\ADMIN\.m2\repository\com\fasterxml\jackson\core\jackson-annotations\2.19.2\jackson-annotations-2.19.2.jar;C:\Users\ADMIN\.m2\repository\com\fasterxml\jackson\core\jackson-core\2.19.2\jackson-core-2.19.2.jar;C:\Users\ADMIN\.m2\repository\com\fasterxml\jackson\core\jackson-databind\2.19.2\jackson-databind-2.19.2.jar;C:\Users\ADMIN\.m2\repository\org\bouncycastle\bcprov-jdk18on\1.78\bcprov-jdk18on-1.78.jar;C:\Users\ADMIN\.m2\repository\org\apache\commons\commons-compress\1.26.0\commons-compress-1.26.0.jar;C:\Users\ADMIN\.m2\repository\commons-io\commons-io\2.15.1\commons-io-2.15.1.jar;C:\Users\ADMIN\.m2\repository\commons-codec\commons-codec\1.18.0\commons-codec-1.18.0.jar;C:\Users\ADMIN\.m2\repository\org\xerial\snappy\snappy-java\1.1.10.5\snappy-java-1.1.10.5.jar;C:\Users\ADMIN\.m2\repository\org\springframework\boot\spring-boot-starter-oauth2-client\3.5.6\spring-boot-starter-oauth2-client-3.5.6.jar;C:\Users\ADMIN\.m2\repository\org\springframework\security\spring-security-config\6.5.5\spring-security-config-6.5.5.jar;C:\Users\ADMIN\.m2\repository\org\springframework\security\spring-security-core\6.5.5\spring-security-core-6.5.5.jar;C:\Users\ADMIN\.m2\repository\org\springframework\security\spring-security-crypto\6.5.5\spring-security-crypto-6.5.5.jar;C:\Users\ADMIN\.m2\repository\org\springframework\spring-expression\6.2.11\spring-expression-6.2.11.jar;C:\Users\ADMIN\.m2\repository\org\springframework\security\spring-security-oauth2-client\6.5.5\spring-security-oauth2-client-6.5.5.jar;C:\Users\ADMIN\.m2\repository\org\springframework\security\spring-security-oauth2-core\6.5.5\spring-security-oauth2-core-6.5.5.jar;C:\Users\ADMIN\.m2\repository\com\nimbusds\oauth2-oidc-sdk\9.43.6\oauth2-oidc-sdk-9.43.6.jar;C:\Users\ADMIN\.m2\repository\com\github\stephenc\jcip\jcip-annotations\1.0-1\jcip-annotations-1.0-1.jar;C:\Users\ADMIN\.m2\repository\com\nimbusds\content-type\2.2\content-type-2.2.jar;C:\Users\ADMIN\.m2\repository\com\nimbusds\lang-tag\1.7\lang-tag-1.7.jar;C:\Users\ADMIN\.m2\repository\org\springframework\security\spring-security-oauth2-jose\6.5.5\spring-security-oauth2-jose-6.5.5.jar;C:\Users\ADMIN\.m2\repository\com\nimbusds\nimbus-jose-jwt\9.37.4\nimbus-jose-jwt-9.37.4.jar;C:\Users\ADMIN\.m2\repository\org\springframework\boot\spring-boot-starter-oauth2-resource-server\3.5.6\spring-boot-starter-oauth2-resource-server-3.5.6.jar;C:\Users\ADMIN\.m2\repository\org\springframework\security\spring-security-oauth2-resource-server\6.5.5\spring-security-oauth2-resource-server-6.5.5.jar;C:\Users\ADMIN\.m2\repository\org\springframework\boot\spring-boot-starter-security\3.5.6\spring-boot-starter-security-3.5.6.jar;C:\Users\ADMIN\.m2\repository\org\springframework\spring-aop\6.2.11\spring-aop-6.2.11.jar;C:\Users\ADMIN\.m2\repository\org\springframework\security\spring-security-web\6.5.5\spring-security-web-6.5.5.jar;C:\Users\ADMIN\.m2\repository\org\springframework\boot\spring-boot-starter-thymeleaf\3.5.6\spring-boot-starter-thymeleaf-3.5.6.jar;C:\Users\ADMIN\.m2\repository\org\thymeleaf\thymeleaf-spring6\3.1.3.RELEASE\thymeleaf-spring6-3.1.3.RELEASE.jar;C:\Users\ADMIN\.m2\repository\org\thymeleaf\thymeleaf\3.1.3.RELEASE\thymeleaf-3.1.3.RELEASE.jar;C:\Users\ADMIN\.m2\repository\org\attoparser\attoparser\2.0.7.RELEASE\attoparser-2.0.7.RELEASE.jar;C:\Users\ADMIN\.m2\repository\org\unbescape\unbescape\1.1.6.RELEASE\unbescape-1.1.6.RELEASE.jar;C:\Users\ADMIN\.m2\repository\org\springframework\boot\spring-boot-starter-validation\3.5.6\spring-boot-starter-validation-3.5.6.jar;C:\Users\ADMIN\.m2\repository\org\apache\tomcat\embed\tomcat-embed-el\10.1.46\tomcat-embed-el-10.1.46.jar;C:\Users\ADMIN\.m2\repository\org\hibernate\validator\hibernate-validator\8.0.3.Final\hibernate-validator-8.0.3.Final.jar;C:\Users\ADMIN\.m2\repository\jakarta\validation\jakarta.validation-api\3.0.2\jakarta.validation-api-3.0.2.jar;C:\Users\ADMIN\.m2\repository\org\springframework\boot\spring-boot-starter-web\3.5.6\spring-boot-starter-web-3.5.6.jar;C:\Users\ADMIN\.m2\repository\org\springframework\boot\spring-boot-starter-json\3.5.6\spring-boot-starter-json-3.5.6.jar;C:\Users\ADMIN\.m2\repository\com\fasterxml\jackson\datatype\jackson-datatype-jdk8\2.19.2\jackson-datatype-jdk8-2.19.2.jar;C:\Users\ADMIN\.m2\repository\com\fasterxml\jackson\datatype\jackson-datatype-jsr310\2.19.2\jackson-datatype-jsr310-2.19.2.jar;C:\Users\ADMIN\.m2\repository\com\fasterxml\jackson\module\jackson-module-parameter-names\2.19.2\jackson-module-parameter-names-2.19.2.jar;C:\Users\ADMIN\.m2\repository\org\springframework\boot\spring-boot-starter-tomcat\3.5.6\spring-boot-starter-tomcat-3.5.6.jar;C:\Users\ADMIN\.m2\repository\org\apache\tomcat\embed\tomcat-embed-core\10.1.46\tomcat-embed-core-10.1.46.jar;C:\Users\ADMIN\.m2\repository\org\apache\tomcat\embed\tomcat-embed-websocket\10.1.46\tomcat-embed-websocket-10.1.46.jar;C:\Users\ADMIN\.m2\repository\org\springframework\spring-web\6.2.11\spring-web-6.2.11.jar;C:\Users\ADMIN\.m2\repository\org\springframework\spring-webmvc\6.2.11\spring-webmvc-6.2.11.jar;C:\Users\ADMIN\.m2\repository\org\springframework\kafka\spring-kafka\3.3.10\spring-kafka-3.3.10.jar;C:\Users\ADMIN\.m2\repository\org\springframework\spring-context\6.2.11\spring-context-6.2.11.jar;C:\Users\ADMIN\.m2\repository\org\springframework\spring-messaging\6.2.11\spring-messaging-6.2.11.jar;C:\Users\ADMIN\.m2\repository\org\springframework\spring-tx\6.2.11\spring-tx-6.2.11.jar;C:\Users\ADMIN\.m2\repository\org\springframework\retry\spring-retry\2.0.12\spring-retry-2.0.12.jar;C:\Users\ADMIN\.m2\repository\org\apache\kafka\kafka-clients\3.9.1\kafka-clients-3.9.1.jar;C:\Users\ADMIN\.m2\repository\com\github\luben\zstd-jni\1.5.6-4\zstd-jni-1.5.6-4.jar;C:\Users\ADMIN\.m2\repository\org\lz4\lz4-java\1.8.0\lz4-java-1.8.0.jar;C:\Users\ADMIN\.m2\repository\io\micrometer\micrometer-observation\1.15.4\micrometer-observation-1.15.4.jar;C:\Users\ADMIN\.m2\repository\io\micrometer\micrometer-commons\1.15.4\micrometer-commons-1.15.4.jar;C:\Users\ADMIN\.m2\repository\org\springframework\boot\spring-boot-starter-mail\3.5.6\spring-boot-starter-mail-3.5.6.jar;C:\Users\ADMIN\.m2\repository\org\springframework\spring-context-support\6.2.11\spring-context-support-6.2.11.jar;C:\Users\ADMIN\.m2\repository\org\eclipse\angus\jakarta.mail\2.0.4\jakarta.mail-2.0.4.jar;C:\Users\ADMIN\.m2\repository\jakarta\activation\jakarta.activation-api\2.1.4\jakarta.activation-api-2.1.4.jar;C:\Users\ADMIN\.m2\repository\org\eclipse\angus\angus-activation\2.0.2\angus-activation-2.0.2.jar;C:\Users\ADMIN\.m2\repository\org\springframework\boot\spring-boot-starter-actuator\3.5.6\spring-boot-starter-actuator-3.5.6.jar;C:\Users\ADMIN\.m2\repository\org\springframework\boot\spring-boot-actuator-autoconfigure\3.5.6\spring-boot-actuator-autoconfigure-3.5.6.jar;C:\Users\ADMIN\.m2\repository\org\springframework\boot\spring-boot-actuator\3.5.6\spring-boot-actuator-3.5.6.jar;C:\Users\ADMIN\.m2\repository\io\micrometer\micrometer-jakarta9\1.15.4\micrometer-jakarta9-1.15.4.jar;C:\Users\ADMIN\.m2\repository\io\micrometer\micrometer-core\1.15.4\micrometer-core-1.15.4.jar;C:\Users\ADMIN\.m2\repository\org\hdrhistogram\HdrHistogram\2.2.2\HdrHistogram-2.2.2.jar;C:\Users\ADMIN\.m2\repository\org\latencyutils\LatencyUtils\2.0.3\LatencyUtils-2.0.3.jar;C:\Users\ADMIN\.m2\repository\io\github\cdimascio\dotenv-java\3.0.0\dotenv-java-3.0.0.jar;C:\Users\ADMIN\.m2\repository\org\springframework\boot\spring-boot-devtools\3.5.6\spring-boot-devtools-3.5.6.jar;C:\Users\ADMIN\.m2\repository\org\springframework\boot\spring-boot\3.5.6\spring-boot-3.5.6.jar;C:\Users\ADMIN\.m2\repository\org\springframework\boot\spring-boot-autoconfigure\3.5.6\spring-boot-autoconfigure-3.5.6.jar;C:\Users\ADMIN\.m2\repository\com\mysql\mysql-connector-j\9.4.0\mysql-connector-j-9.4.0.jar;C:\Users\ADMIN\.m2\repository\org\jetbrains\annotations\13.0\annotations-13.0.jar;C:\Users\ADMIN\.m2\repository\org\springdoc\springdoc-openapi-starter-webmvc-ui\2.6.0\springdoc-openapi-starter-webmvc-ui-2.6.0.jar;C:\Users\ADMIN\.m2\repository\org\springdoc\springdoc-openapi-starter-webmvc-api\2.6.0\springdoc-openapi-starter-webmvc-api-2.6.0.jar;C:\Users\ADMIN\.m2\repository\org\springdoc\springdoc-openapi-starter-common\2.6.0\springdoc-openapi-starter-common-2.6.0.jar;C:\Users\ADMIN\.m2\repository\io\swagger\core\v3\swagger-core-jakarta\2.2.22\swagger-core-jakarta-2.2.22.jar;C:\Users\ADMIN\.m2\repository\io\swagger\core\v3\swagger-annotations-jakarta\2.2.22\swagger-annotations-jakarta-2.2.22.jar;C:\Users\ADMIN\.m2\repository\io\swagger\core\v3\swagger-models-jakarta\2.2.22\swagger-models-jakarta-2.2.22.jar;C:\Users\ADMIN\.m2\repository\com\fasterxml\jackson\dataformat\jackson-dataformat-yaml\2.19.2\jackson-dataformat-yaml-2.19.2.jar;C:\Users\ADMIN\.m2\repository\org\webjars\swagger-ui\5.17.14\swagger-ui-5.17.14.jar;C:\Users\ADMIN\.m2\repository\com\google\oauth-client\google-oauth-client\1.36.0\google-oauth-client-1.36.0.jar;C:\Users\ADMIN\.m2\repository\com\google\http-client\google-http-client\1.43.3\google-http-client-1.43.3.jar;C:\Users\ADMIN\.m2\repository\org\apache\httpcomponents\httpclient\4.5.14\httpclient-4.5.14.jar;C:\Users\ADMIN\.m2\repository\commons-logging\commons-logging\1.2\commons-logging-1.2.jar;C:\Users\ADMIN\.m2\repository\org\apache\httpcomponents\httpcore\4.4.16\httpcore-4.4.16.jar;C:\Users\ADMIN\.m2\repository\io\opencensus\opencensus-api\0.31.1\opencensus-api-0.31.1.jar;C:\Users\ADMIN\.m2\repository\io\grpc\grpc-context\1.27.2\grpc-context-1.27.2.jar;C:\Users\ADMIN\.m2\repository\io\opencensus\opencensus-contrib-http-util\0.31.1\opencensus-contrib-http-util-0.31.1.jar;C:\Users\ADMIN\.m2\repository\com\google\http-client\google-http-client-gson\1.43.3\google-http-client-gson-1.43.3.jar;C:\Users\ADMIN\.m2\repository\com\google\code\gson\gson\2.13.2\gson-2.13.2.jar;C:\Users\ADMIN\.m2\repository\org\springframework\boot\spring-boot-configuration-processor\3.5.6\spring-boot-configuration-processor-3.5.6.jar;C:\Users\ADMIN\.m2\repository\org\projectlombok\lombok\1.18.40\lombok-1.18.40.jar;C:\Users\ADMIN\.m2\repository\jakarta\xml\bind\jakarta.xml.bind-api\4.0.2\jakarta.xml.bind-api-4.0.2.jar;C:\Users\ADMIN\.m2\repository\net\minidev\json-smart\2.5.2\json-smart-2.5.2.jar;C:\Users\ADMIN\.m2\repository\net\minidev\accessors-smart\2.5.2\accessors-smart-2.5.2.jar;C:\Users\ADMIN\.m2\repository\org\ow2\asm\asm\9.7.1\asm-9.7.1.jar;C:\Users\ADMIN\.m2\repository\org\springframework\spring-core\6.2.11\spring-core-6.2.11.jar;C:\Users\ADMIN\.m2\repository\org\springframework\spring-jcl\6.2.11\spring-jcl-6.2.11.jar;C:\Users\ADMIN\.m2\repository\ch\qos\logback\logback-core\1.5.18\logback-core-1.5.18.jar;C:\Users\ADMIN\.m2\repository\ch\qos\logback\logback-classic\1.5.18\logback-classic-1.5.18.jar;C:\Users\ADMIN\.m2\repository\org\mapstruct\mapstruct\1.6.0\mapstruct-1.6.0.jar;C:\Users\ADMIN\.m2\repository\org\mapstruct\mapstruct-processor\1.6.0\mapstruct-processor-1.6.0.jar;C:\Users\ADMIN\.m2\repository\com\github\javafaker\javafaker\1.0.2\javafaker-1.0.2.jar;C:\Users\ADMIN\.m2\repository\org\apache\commons\commons-lang3\3.17.0\commons-lang3-3.17.0.jar;C:\Users\ADMIN\.m2\repository\org\yaml\snakeyaml\1.23\snakeyaml-1.23-android.jar;C:\Users\ADMIN\.m2\repository\com\github\mifmif\generex\1.0.2\generex-1.0.2.jar;C:\Users\ADMIN\.m2\repository\dk\brics\automaton\automaton\1.11-8\automaton-1.11-8.jar
Launcher Type: SUN_STANDARD

[Global flags]
     intx CICompilerCount                          = 4                                         {product} {ergonomic}
     uint ConcGCThreads                            = 3                                         {product} {ergonomic}
     uint G1ConcRefinementThreads                  = 10                                        {product} {ergonomic}
   size_t G1HeapRegionSize                         = 2097152                                   {product} {ergonomic}
   size_t InitialHeapSize                          = 264241152                                 {product} {ergonomic}
   size_t MarkStackSize                            = 4194304                                   {product} {ergonomic}
   size_t MarkStackSizeMax                         = 536870912                                 {product} {ergonomic}
   size_t MaxHeapSize                              = 4200595456                                {product} {ergonomic}
   size_t MaxNewSize                               = 2518679552                                {product} {ergonomic}
   size_t MinHeapDeltaBytes                        = 2097152                                   {product} {ergonomic}
   size_t MinHeapSize                              = 8388608                                   {product} {ergonomic}
    uintx NonNMethodCodeHeapSize                   = 5832704                                {pd product} {ergonomic}
    uintx NonProfiledCodeHeapSize                  = 122945536                              {pd product} {ergonomic}
    uintx ProfiledCodeHeapSize                     = 122880000                              {pd product} {ergonomic}
    uintx ReservedCodeCacheSize                    = 251658240                              {pd product} {ergonomic}
     bool SegmentedCodeCache                       = true                                      {product} {ergonomic}
   size_t SoftMaxHeapSize                          = 4200595456                             {manageable} {ergonomic}
     bool UseCompressedOops                        = true                           {product lp64_product} {ergonomic}
     bool UseG1GC                                  = true                                      {product} {ergonomic}
     bool UseLargePagesIndividualAllocation        = false                                  {pd product} {ergonomic}

Logging:
Log output configuration:
 #0: stdout all=warning uptime,level,tags foldmultilines=false
 #1: stderr all=off uptime,level,tags foldmultilines=false

Environment Variables:
PATH=C:\Program Files\Common Files\Oracle\Java\javapath;C:\Program Files (x86)\Common Files\Oracle\Java\java8path;C:\Program Files (x86)\Common Files\Oracle\Java\javapath;C:\Program Files (x86)\VMware\VMware Workstation\bin\;C:\windows\system32;C:\windows;C:\windows\System32\Wbem;C:\windows\System32\WindowsPowerShell\v1.0\;C:\windows\System32\OpenSSH\;C:\Program Files (x86)\NVIDIA Corporation\PhysX\Common;C:\Program Files\NVIDIA Corporation\NVIDIA NvDLISR;C:\Program Files\Microsoft SQL Server\Client SDK\ODBC\170\Tools\Binn\;C:\Program Files (x86)\Microsoft SQL Server\150\Tools\Binn\;C:\Program Files\Microsoft SQL Server\150\Tools\Binn\;C:\Program Files\Microsoft SQL Server\150\DTS\Binn\;C:\Program Files (x86)\Microsoft SQL Server\150\DTS\Binn\;C:\Program Files\Azure Data Studio\bin;C:\WINDOWS\system32;C:\WINDOWS;C:\WINDOWS\System32\Wbem;C:\WINDOWS\System32\WindowsPowerShell\v1.0\;C:\WINDOWS\System32\OpenSSH\;C:\git\Git\cmd;C:\Program Files\dotnet\;C:\Program Files\Docker\Docker\resources\bin;C:\ProgramFiles\swipl\bin\swipl.exe;C:\Users\ADMIN\Desktop\dos2unix\bin;C:\Users\ADMIN\AppData\Local\Programs\Python\Python312;C:\Program Files\nodejs;C:\Program Files\nodejs\;C:\Program Files\Cloudflare\Cloudflare WARP\;C:\Program Files\Java\jdk-23;C:\Program Files\PostgreSQL\17\bin;C:\Odoo\server\odoo-bin;C:\Program Files\wkhtmltopdf\bin;C:\Program Files\GTK3-Runtime Win64\bin;C:\Program Files\Tesseract-OCR\tesseract.exe;C:\Program Files\Tesseract-OCR\tessdata\;C:\Users\ADMIN\AppData\Local\Android\Sdk\platform-tools;C:\Users\ADMIN\Desktop\poppler-24.08.0\Library\bin;C:\poppler-24.08.0\Library\bin;C:\Users\ADMIN\AppData\Local\Programs\Python\Python312\Scripts\;C:\Users\ADMIN\AppData\Local\Programs\Python\Python312\;C:\Program Files\MySQL\MySQL Shell 8.0\bin\;C:\Users\ADMIN\AppData\Local\Microsoft\WindowsApps;C:\Users\ADMIN\AppData\Local\Programs\Microsoft VS Code\bin;C:\Program Files\Azure Data Studio\bin;C:\xampp\php;C:\Users\ADMIN\AppData\Local\GitHubDesktop\bin;C:\ProgramFiles\swipl\bin\swipl.exe;C:\Users\ADMIN\Desktop\dos2unix\bin;C:\Users\ADMIN\AppData\Local\Programs\Python\Python312;C:\Program Files\nodejs;C:\Users\ADMIN\AppData\Roaming\npm;C:\Program Files\Java\jdk-23;C:\Program Files\PostgreSQL\17\bin;C:\Odoo\server\odoo-bin;C:\Program Files\wkhtmltopdf\bin;C:\Program Files\GTK3-Runtime Win64\bin;C:\Program Files\Tesseract-OCR\tesseract.exe;C:\Program Files\Tesseract-OCR\tessdata\;C:\Users\ADMIN\AppData\Local\Android\Sdk\platform-tools;C:\poppler-24.08.0\Library\bin;
USERNAME=ADMIN
OS=Windows_NT
PROCESSOR_IDENTIFIER=Intel64 Family 6 Model 141 Stepping 1, GenuineIntel
TMP=C:\Users\ADMIN\AppData\Local\Temp
TEMP=C:\Users\ADMIN\AppData\Local\Temp




Periodic native trim disabled

---------------  S Y S T E M  ---------------

OS:
 Windows 11 , 64 bit Build 26100 (10.0.26100.5074)
OS uptime: 0 days 17:48 hours
Hyper-V role detected

CPU: total 12 (initial active 12) (6 cores per cpu, 2 threads per core) family 6 model 141 stepping 1 microcode 0x4e, cx8, cmov, fxsr, ht, mmx, 3dnowpref, sse, sse2, sse3, ssse3, sse4.1, sse4.2, popcnt, lzcnt, tsc, tscinvbit, avx, avx2, aes, erms, clmul, bmi1, bmi2, adx, avx512f, avx512dq, avx512cd, avx512bw, avx512vl, sha, fma, vzeroupper, avx512_vpopcntdq, avx512_vpclmulqdq, avx512_vaes, avx512_vnni, clflush, clflushopt, clwb, avx512_vbmi2, avx512_vbmi, hv, rdtscp, rdpid, fsrm, gfni, avx512_bitalg, f16c, cet_ibt, cet_ss, avx512_ifma
Processor Information for the first 12 processors :
  Max Mhz: 2688, Current Mhz: 2688, Mhz Limit: 2688

Memory: 4k page, system-wide physical 16021M (658M free)
TotalPageFile size 32021M (AvailPageFile size 54M)
current process WorkingSet (physical memory assigned to process): 418M, peak: 418M
current process commit charge ("private bytes"): 486M, peak: 545M

vm_info: Java HotSpot(TM) 64-Bit Server VM (23.0.2+7-58) for windows-amd64 JRE (23.0.2+7-58), built on 2024-11-29T09:34:55Z with MS VC++ 17.6 (VS2022)

END.
